[0.540s] Invoking command in '/home/raphael/devel/tortello/src/tortello_pkg': COMP_WORDBREAKS=
"'><;|&(: PYTHONPATH=/home/raphael/devel/tortello/install/tortello_pkg/lib/python3.8/site-packages: /usr/bin/python3 setup.py egg_info --egg-base ../../build/tortello_pkg build --build-base /home/raphael/devel/tortello/build/tortello_pkg/build install --prefix /home/raphael/devel/tortello/install/tortello_pkg --record /home/raphael/devel/tortello/build/tortello_pkg/install.log --single-version-externally-managed
[1.175s] running egg_info
[1.176s] creating ../../build/tortello_pkg/tortello_pkg.egg-info
[1.176s] writing ../../build/tortello_pkg/tortello_pkg.egg-info/PKG-INFO
[1.176s] writing dependency_links to ../../build/tortello_pkg/tortello_pkg.egg-info/dependency_links.txt
[1.176s] writing entry points to ../../build/tortello_pkg/tortello_pkg.egg-info/entry_points.txt
[1.177s] writing requirements to ../../build/tortello_pkg/tortello_pkg.egg-info/requires.txt
[1.177s] writing top-level names to ../../build/tortello_pkg/tortello_pkg.egg-info/top_level.txt
[1.198s] writing manifest file '../../build/tortello_pkg/tortello_pkg.egg-info/SOURCES.txt'
[1.380s] reading manifest file '../../build/tortello_pkg/tortello_pkg.egg-info/SOURCES.txt'
[1.381s] writing manifest file '../../build/tortello_pkg/tortello_pkg.egg-info/SOURCES.txt'
[1.382s] running build
[1.382s] running build_py
[1.382s] creating /home/raphael/devel/tortello/build/tortello_pkg/build
[1.382s] creating /home/raphael/devel/tortello/build/tortello_pkg/build/lib
[1.382s] creating /home/raphael/devel/tortello/build/tortello_pkg/build/lib/tortello_pkg
[1.382s] copying tortello_pkg/publisher_member_function.py -> /home/raphael/devel/tortello/build/tortello_pkg/build/lib/tortello_pkg
[1.384s] copying tortello_pkg/controller_ps4.py -> /home/raphael/devel/tortello/build/tortello_pkg/build/lib/tortello_pkg
[1.387s] copying tortello_pkg/subscriber_member_function.py -> /home/raphael/devel/tortello/build/tortello_pkg/build/lib/tortello_pkg
[1.387s] copying tortello_pkg/__init__.py -> /home/raphael/devel/tortello/build/tortello_pkg/build/lib/tortello_pkg
[1.390s] running install
[1.393s] running install_lib
[1.402s] running install_data
[1.404s] running install_egg_info
[1.412s] removing '/home/raphael/devel/tortello/install/tortello_pkg/lib/python3.8/site-packages/tortello_pkg-0.0.0-py3.8.egg-info' (and everything under it)
[1.412s] Copying ../../build/tortello_pkg/tortello_pkg.egg-info to /home/raphael/devel/tortello/install/tortello_pkg/lib/python3.8/site-packages/tortello_pkg-0.0.0-py3.8.egg-info
[1.414s] running install_scripts
[1.492s] Installing listener script to /home/raphael/devel/tortello/install/tortello_pkg/lib/tortello_pkg
[1.492s] Installing talker script to /home/raphael/devel/tortello/install/tortello_pkg/lib/tortello_pkg
[1.493s] writing list of installed files to '/home/raphael/devel/tortello/build/tortello_pkg/install.log'
[1.559s] Invoked command in '/home/raphael/devel/tortello/src/tortello_pkg' returned '0': COMP_WORDBREAKS=
"'><;|&(: PYTHONPATH=/home/raphael/devel/tortello/install/tortello_pkg/lib/python3.8/site-packages: /usr/bin/python3 setup.py egg_info --egg-base ../../build/tortello_pkg build --build-base /home/raphael/devel/tortello/build/tortello_pkg/build install --prefix /home/raphael/devel/tortello/install/tortello_pkg --record /home/raphael/devel/tortello/build/tortello_pkg/install.log --single-version-externally-managed
