[0.084s] Invoking command in '/home/raphael/devel/tortello/build/turtlebot3_simulations': AMENT_PREFIX_PATH=/home/raphael/devel/tortello/install/turtlebot3_gazebo:/home/raphael/devel/tortello/install/turtlebot3_fake_node:${AMENT_PREFIX_PATH} CMAKE_PREFIX_PATH=/home/raphael/devel/tortello/install/turtlebot3_gazebo:/home/raphael/devel/tortello/install/turtlebot3_fake_node:/opt/ros/foxy COMP_WORDBREAKS=
"'><;|&(: /usr/bin/cmake /home/raphael/devel/tortello/src/turtlebot3_simulations/turtlebot3_simulations -DCMAKE_INSTALL_PREFIX=/home/raphael/devel/tortello/install/turtlebot3_simulations
[0.409s] -- The C compiler identification is GNU 9.2.1
[0.556s] -- The CXX compiler identification is GNU 9.2.1
[0.574s] -- Check for working C compiler: /usr/bin/cc
[0.715s] -- Check for working C compiler: /usr/bin/cc -- works
[0.718s] -- Detecting C compiler ABI info
[0.857s] -- Detecting C compiler ABI info - done
[0.893s] -- Detecting C compile features
[0.898s] -- Detecting C compile features - done
[0.920s] -- Check for working CXX compiler: /usr/bin/c++
[1.181s] -- Check for working CXX compiler: /usr/bin/c++ -- works
[1.181s] -- Detecting CXX compiler ABI info
[1.326s] -- Detecting CXX compiler ABI info - done
[1.349s] -- Detecting CXX compile features
[1.350s] -- Detecting CXX compile features - done
[1.425s] -- Found ament_cmake: 0.9.8 (/opt/ros/foxy/share/ament_cmake/cmake)
[1.583s] -- Found PythonInterp: /usr/bin/python3 (found suitable version "3.8.5", minimum required is "3") 
[1.583s] -- Using PYTHON_EXECUTABLE: /usr/bin/python3
[2.782s] -- Configuring done
[2.790s] -- Generating done
[2.792s] -- Build files have been written to: /home/raphael/devel/tortello/build/turtlebot3_simulations
[2.799s] Invoked command in '/home/raphael/devel/tortello/build/turtlebot3_simulations' returned '0': AMENT_PREFIX_PATH=/home/raphael/devel/tortello/install/turtlebot3_gazebo:/home/raphael/devel/tortello/install/turtlebot3_fake_node:${AMENT_PREFIX_PATH} CMAKE_PREFIX_PATH=/home/raphael/devel/tortello/install/turtlebot3_gazebo:/home/raphael/devel/tortello/install/turtlebot3_fake_node:/opt/ros/foxy COMP_WORDBREAKS=
"'><;|&(: /usr/bin/cmake /home/raphael/devel/tortello/src/turtlebot3_simulations/turtlebot3_simulations -DCMAKE_INSTALL_PREFIX=/home/raphael/devel/tortello/install/turtlebot3_simulations
[2.805s] Invoking command in '/home/raphael/devel/tortello/build/turtlebot3_simulations': AMENT_PREFIX_PATH=/home/raphael/devel/tortello/install/turtlebot3_gazebo:/home/raphael/devel/tortello/install/turtlebot3_fake_node:${AMENT_PREFIX_PATH} CMAKE_PREFIX_PATH=/home/raphael/devel/tortello/install/turtlebot3_gazebo:/home/raphael/devel/tortello/install/turtlebot3_fake_node:/opt/ros/foxy COMP_WORDBREAKS=
"'><;|&(: /usr/bin/cmake --build /home/raphael/devel/tortello/build/turtlebot3_simulations -- -j4 -l4
[2.895s] Invoked command in '/home/raphael/devel/tortello/build/turtlebot3_simulations' returned '0': AMENT_PREFIX_PATH=/home/raphael/devel/tortello/install/turtlebot3_gazebo:/home/raphael/devel/tortello/install/turtlebot3_fake_node:${AMENT_PREFIX_PATH} CMAKE_PREFIX_PATH=/home/raphael/devel/tortello/install/turtlebot3_gazebo:/home/raphael/devel/tortello/install/turtlebot3_fake_node:/opt/ros/foxy COMP_WORDBREAKS=
"'><;|&(: /usr/bin/cmake --build /home/raphael/devel/tortello/build/turtlebot3_simulations -- -j4 -l4
[2.932s] Invoking command in '/home/raphael/devel/tortello/build/turtlebot3_simulations': AMENT_PREFIX_PATH=/home/raphael/devel/tortello/install/turtlebot3_gazebo:/home/raphael/devel/tortello/install/turtlebot3_fake_node:${AMENT_PREFIX_PATH} CMAKE_PREFIX_PATH=/home/raphael/devel/tortello/install/turtlebot3_gazebo:/home/raphael/devel/tortello/install/turtlebot3_fake_node:/opt/ros/foxy COMP_WORDBREAKS=
"'><;|&(: /usr/bin/cmake --install /home/raphael/devel/tortello/build/turtlebot3_simulations
[2.944s] -- Install configuration: ""
[2.947s] -- Installing: /home/raphael/devel/tortello/install/turtlebot3_simulations/share/ament_index/resource_index/package_run_dependencies/turtlebot3_simulations
[2.947s] -- Installing: /home/raphael/devel/tortello/install/turtlebot3_simulations/share/ament_index/resource_index/parent_prefix_path/turtlebot3_simulations
[2.948s] -- Up-to-date: /home/raphael/devel/tortello/install/turtlebot3_simulations/share/turtlebot3_simulations/environment/ament_prefix_path.sh
[2.948s] -- Installing: /home/raphael/devel/tortello/install/turtlebot3_simulations/share/turtlebot3_simulations/environment/ament_prefix_path.dsv
[2.949s] -- Up-to-date: /home/raphael/devel/tortello/install/turtlebot3_simulations/share/turtlebot3_simulations/environment/path.sh
[2.949s] -- Installing: /home/raphael/devel/tortello/install/turtlebot3_simulations/share/turtlebot3_simulations/environment/path.dsv
[2.949s] -- Installing: /home/raphael/devel/tortello/install/turtlebot3_simulations/share/turtlebot3_simulations/local_setup.bash
[2.950s] -- Installing: /home/raphael/devel/tortello/install/turtlebot3_simulations/share/turtlebot3_simulations/local_setup.sh
[2.950s] -- Installing: /home/raphael/devel/tortello/install/turtlebot3_simulations/share/turtlebot3_simulations/local_setup.zsh
[2.950s] -- Installing: /home/raphael/devel/tortello/install/turtlebot3_simulations/share/turtlebot3_simulations/local_setup.dsv
[2.950s] -- Installing: /home/raphael/devel/tortello/install/turtlebot3_simulations/share/turtlebot3_simulations/package.dsv
[2.950s] -- Installing: /home/raphael/devel/tortello/install/turtlebot3_simulations/share/ament_index/resource_index/packages/turtlebot3_simulations
[2.951s] -- Installing: /home/raphael/devel/tortello/install/turtlebot3_simulations/share/turtlebot3_simulations/cmake/turtlebot3_simulationsConfig.cmake
[2.951s] -- Installing: /home/raphael/devel/tortello/install/turtlebot3_simulations/share/turtlebot3_simulations/cmake/turtlebot3_simulationsConfig-version.cmake
[2.951s] -- Up-to-date: /home/raphael/devel/tortello/install/turtlebot3_simulations/share/turtlebot3_simulations/package.xml
[2.956s] Invoked command in '/home/raphael/devel/tortello/build/turtlebot3_simulations' returned '0': AMENT_PREFIX_PATH=/home/raphael/devel/tortello/install/turtlebot3_gazebo:/home/raphael/devel/tortello/install/turtlebot3_fake_node:${AMENT_PREFIX_PATH} CMAKE_PREFIX_PATH=/home/raphael/devel/tortello/install/turtlebot3_gazebo:/home/raphael/devel/tortello/install/turtlebot3_fake_node:/opt/ros/foxy COMP_WORDBREAKS=
"'><;|&(: /usr/bin/cmake --install /home/raphael/devel/tortello/build/turtlebot3_simulations
