[0.517s] Invoking command in '/home/raphael/devel/tortello/src/tortello_pkg': COMP_WORDBREAKS=
"'><;|&(: PYTHONPATH=/home/raphael/devel/tortello/install/tortello_pkg/lib/python3.8/site-packages: /usr/bin/python3 setup.py egg_info --egg-base ../../build/tortello_pkg build --build-base /home/raphael/devel/tortello/build/tortello_pkg/build install --prefix /home/raphael/devel/tortello/install/tortello_pkg --record /home/raphael/devel/tortello/build/tortello_pkg/install.log --single-version-externally-managed
[0.935s] running egg_info
[0.936s] creating ../../build/tortello_pkg/tortello_pkg.egg-info
[0.936s] writing ../../build/tortello_pkg/tortello_pkg.egg-info/PKG-INFO
[0.942s] writing dependency_links to ../../build/tortello_pkg/tortello_pkg.egg-info/dependency_links.txt
[0.942s] writing entry points to ../../build/tortello_pkg/tortello_pkg.egg-info/entry_points.txt
[0.942s] writing requirements to ../../build/tortello_pkg/tortello_pkg.egg-info/requires.txt
[0.943s] writing top-level names to ../../build/tortello_pkg/tortello_pkg.egg-info/top_level.txt
[0.946s] writing manifest file '../../build/tortello_pkg/tortello_pkg.egg-info/SOURCES.txt'
[1.037s] reading manifest file '../../build/tortello_pkg/tortello_pkg.egg-info/SOURCES.txt'
[1.039s] writing manifest file '../../build/tortello_pkg/tortello_pkg.egg-info/SOURCES.txt'
[1.039s] running build
[1.039s] running build_py
[1.040s] creating /home/raphael/devel/tortello/build/tortello_pkg/build
[1.040s] creating /home/raphael/devel/tortello/build/tortello_pkg/build/lib
[1.040s] creating /home/raphael/devel/tortello/build/tortello_pkg/build/lib/tortello_pkg
[1.040s] copying tortello_pkg/publisher_member_function.py -> /home/raphael/devel/tortello/build/tortello_pkg/build/lib/tortello_pkg
[1.078s] copying tortello_pkg/controller_ps4.py -> /home/raphael/devel/tortello/build/tortello_pkg/build/lib/tortello_pkg
[1.078s] copying tortello_pkg/subscriber_member_function.py -> /home/raphael/devel/tortello/build/tortello_pkg/build/lib/tortello_pkg
[1.079s] copying tortello_pkg/__init__.py -> /home/raphael/devel/tortello/build/tortello_pkg/build/lib/tortello_pkg
[1.082s] running install
[1.084s] running install_lib
[1.091s] running install_data
[1.092s] running install_egg_info
[1.099s] removing '/home/raphael/devel/tortello/install/tortello_pkg/lib/python3.8/site-packages/tortello_pkg-0.0.0-py3.8.egg-info' (and everything under it)
[1.099s] Copying ../../build/tortello_pkg/tortello_pkg.egg-info to /home/raphael/devel/tortello/install/tortello_pkg/lib/python3.8/site-packages/tortello_pkg-0.0.0-py3.8.egg-info
[1.101s] running install_scripts
[1.170s] Installing listener script to /home/raphael/devel/tortello/install/tortello_pkg/lib/tortello_pkg
[1.171s] Installing talker script to /home/raphael/devel/tortello/install/tortello_pkg/lib/tortello_pkg
[1.171s] writing list of installed files to '/home/raphael/devel/tortello/build/tortello_pkg/install.log'
[1.222s] Invoked command in '/home/raphael/devel/tortello/src/tortello_pkg' returned '0': COMP_WORDBREAKS=
"'><;|&(: PYTHONPATH=/home/raphael/devel/tortello/install/tortello_pkg/lib/python3.8/site-packages: /usr/bin/python3 setup.py egg_info --egg-base ../../build/tortello_pkg build --build-base /home/raphael/devel/tortello/build/tortello_pkg/build install --prefix /home/raphael/devel/tortello/install/tortello_pkg --record /home/raphael/devel/tortello/build/tortello_pkg/install.log --single-version-externally-managed
