[0.073s] Invoking command in '/home/raphael/devel/tortello/build/turtlebot3_gazebo': CMAKE_PREFIX_PATH=/opt/ros/foxy COMP_WORDBREAKS=
"'><;|&(: /usr/bin/cmake /home/raphael/devel/tortello/src/turtlebot3_simulations/turtlebot3_gazebo -DCMAKE_INSTALL_PREFIX=/home/raphael/devel/tortello/install/turtlebot3_gazebo
[0.311s] -- Found ament_cmake: 0.9.8 (/opt/ros/foxy/share/ament_cmake/cmake)
[0.443s] -- Found PythonInterp: /usr/bin/python3 (found suitable version "3.8.5", minimum required is "3") 
[0.444s] -- Using PYTHON_EXECUTABLE: /usr/bin/python3
[1.262s] -- Found gazebo_ros_pkgs: 3.5.0 (/opt/ros/foxy/share/gazebo_ros_pkgs/cmake)
[1.264s] -- Found geometry_msgs: 2.0.3 (/opt/ros/foxy/share/geometry_msgs/cmake)
[1.545s] -- Using all available rosidl_typesupport_c: rosidl_typesupport_fastrtps_c;rosidl_typesupport_introspection_c
[1.664s] -- Found rosidl_adapter: 1.2.0 (/opt/ros/foxy/share/rosidl_adapter/cmake)
[2.211s] -- Found OpenSSL: /usr/lib/x86_64-linux-gnu/libcrypto.so (found version "1.1.1f")  
[2.264s] -- Found FastRTPS: /opt/ros/foxy/include  
[2.586s] -- Using all available rosidl_typesupport_cpp: rosidl_typesupport_fastrtps_cpp;rosidl_typesupport_introspection_cpp
[2.800s] -- Found nav_msgs: 2.0.3 (/opt/ros/foxy/share/nav_msgs/cmake)
[2.952s] -- Found rclcpp: 2.3.0 (/opt/ros/foxy/share/rclcpp/cmake)
[3.257s] -- Found rmw_implementation_cmake: 1.0.2 (/opt/ros/foxy/share/rmw_implementation_cmake/cmake)
[3.273s] -- Using RMW implementation 'rmw_fastrtps_cpp' as default
[3.307s] -- Looking for pthread.h
[4.160s] -- Looking for pthread.h - found
[4.178s] -- Performing Test CMAKE_HAVE_LIBC_PTHREAD
[4.501s] -- Performing Test CMAKE_HAVE_LIBC_PTHREAD - Failed
[4.501s] -- Looking for pthread_create in pthreads
[4.660s] -- Looking for pthread_create in pthreads - not found
[4.660s] -- Looking for pthread_create in pthread
[4.806s] -- Looking for pthread_create in pthread - found
[4.808s] -- Found Threads: TRUE  
[5.450s] -- Found sensor_msgs: 2.0.3 (/opt/ros/foxy/share/sensor_msgs/cmake)
[5.631s] -- Found tf2: 0.13.9 (/opt/ros/foxy/share/tf2/cmake)
[5.728s] -- Found turtlebot3: 2.1.0 (/opt/ros/foxy/share/turtlebot3/cmake)
[5.917s] -- Configuring done
[5.944s] -- Generating done
[5.947s] -- Build files have been written to: /home/raphael/devel/tortello/build/turtlebot3_gazebo
[5.970s] Invoked command in '/home/raphael/devel/tortello/build/turtlebot3_gazebo' returned '0': CMAKE_PREFIX_PATH=/opt/ros/foxy COMP_WORDBREAKS=
"'><;|&(: /usr/bin/cmake /home/raphael/devel/tortello/src/turtlebot3_simulations/turtlebot3_gazebo -DCMAKE_INSTALL_PREFIX=/home/raphael/devel/tortello/install/turtlebot3_gazebo
[5.972s] Invoking command in '/home/raphael/devel/tortello/build/turtlebot3_gazebo': CMAKE_PREFIX_PATH=/opt/ros/foxy COMP_WORDBREAKS=
"'><;|&(: /usr/bin/cmake --build /home/raphael/devel/tortello/build/turtlebot3_gazebo -- -j4 -l4
[6.050s] [35m[1mScanning dependencies of target turtlebot3_drive[0m
[7.181s] [ 50%] [32mBuilding CXX object CMakeFiles/turtlebot3_drive.dir/src/turtlebot3_drive.cpp.o[0m
[22.281s] [100%] [32m[1mLinking CXX executable turtlebot3_drive[0m
[24.729s] [100%] Built target turtlebot3_drive
[24.755s] Invoked command in '/home/raphael/devel/tortello/build/turtlebot3_gazebo' returned '0': CMAKE_PREFIX_PATH=/opt/ros/foxy COMP_WORDBREAKS=
"'><;|&(: /usr/bin/cmake --build /home/raphael/devel/tortello/build/turtlebot3_gazebo -- -j4 -l4
[24.842s] Invoking command in '/home/raphael/devel/tortello/build/turtlebot3_gazebo': CMAKE_PREFIX_PATH=/opt/ros/foxy COMP_WORDBREAKS=
"'><;|&(: /usr/bin/cmake --install /home/raphael/devel/tortello/build/turtlebot3_gazebo
[24.878s] -- Install configuration: ""
[24.943s] -- Installing: /home/raphael/devel/tortello/install/turtlebot3_gazebo/lib/turtlebot3_gazebo/turtlebot3_drive
[24.951s] -- Set runtime path of "/home/raphael/devel/tortello/install/turtlebot3_gazebo/lib/turtlebot3_gazebo/turtlebot3_drive" to ""
[24.956s] -- Up-to-date: /home/raphael/devel/tortello/install/turtlebot3_gazebo/share/turtlebot3_gazebo//launch
[24.959s] -- Up-to-date: /home/raphael/devel/tortello/install/turtlebot3_gazebo/share/turtlebot3_gazebo//launch/turtlebot3_dqn_stage3.launch.py
[24.960s] -- Up-to-date: /home/raphael/devel/tortello/install/turtlebot3_gazebo/share/turtlebot3_gazebo//launch/empty_world.launch.py
[24.960s] -- Up-to-date: /home/raphael/devel/tortello/install/turtlebot3_gazebo/share/turtlebot3_gazebo//launch/turtlebot3_autorace.launch.py
[24.960s] -- Up-to-date: /home/raphael/devel/tortello/install/turtlebot3_gazebo/share/turtlebot3_gazebo//launch/turtlebot3_house.launch.py
[24.960s] -- Up-to-date: /home/raphael/devel/tortello/install/turtlebot3_gazebo/share/turtlebot3_gazebo//launch/turtlebot3_world.launch.py
[24.960s] -- Up-to-date: /home/raphael/devel/tortello/install/turtlebot3_gazebo/share/turtlebot3_gazebo//launch/turtlebot3_dqn_stage4.launch.py
[24.960s] -- Up-to-date: /home/raphael/devel/tortello/install/turtlebot3_gazebo/share/turtlebot3_gazebo//launch/robot_state_publisher.launch.py
[24.960s] -- Up-to-date: /home/raphael/devel/tortello/install/turtlebot3_gazebo/share/turtlebot3_gazebo//launch/turtlebot3_dqn_stage1.launch.py
[24.961s] -- Up-to-date: /home/raphael/devel/tortello/install/turtlebot3_gazebo/share/turtlebot3_gazebo//launch/turtlebot3_dqn_stage2.launch.py
[24.961s] -- Up-to-date: /home/raphael/devel/tortello/install/turtlebot3_gazebo/share/turtlebot3_gazebo//models
[24.964s] -- Up-to-date: /home/raphael/devel/tortello/install/turtlebot3_gazebo/share/turtlebot3_gazebo//models/turtlebot3_waffle_pi
[24.965s] -- Up-to-date: /home/raphael/devel/tortello/install/turtlebot3_gazebo/share/turtlebot3_gazebo//models/turtlebot3_waffle_pi/model-1_4.sdf
[24.965s] -- Up-to-date: /home/raphael/devel/tortello/install/turtlebot3_gazebo/share/turtlebot3_gazebo//models/turtlebot3_waffle_pi/meshes
[24.967s] -- Up-to-date: /home/raphael/devel/tortello/install/turtlebot3_gazebo/share/turtlebot3_gazebo//models/turtlebot3_waffle_pi/meshes/tire.dae
[24.967s] -- Up-to-date: /home/raphael/devel/tortello/install/turtlebot3_gazebo/share/turtlebot3_gazebo//models/turtlebot3_waffle_pi/meshes/lds.dae
[24.967s] -- Up-to-date: /home/raphael/devel/tortello/install/turtlebot3_gazebo/share/turtlebot3_gazebo//models/turtlebot3_waffle_pi/meshes/waffle_pi_base.dae
[24.968s] -- Up-to-date: /home/raphael/devel/tortello/install/turtlebot3_gazebo/share/turtlebot3_gazebo//models/turtlebot3_waffle_pi/model.sdf
[24.968s] -- Up-to-date: /home/raphael/devel/tortello/install/turtlebot3_gazebo/share/turtlebot3_gazebo//models/turtlebot3_waffle_pi/model.config
[24.968s] -- Up-to-date: /home/raphael/devel/tortello/install/turtlebot3_gazebo/share/turtlebot3_gazebo//models/turtlebot3_dqn_world
[24.974s] -- Up-to-date: /home/raphael/devel/tortello/install/turtlebot3_gazebo/share/turtlebot3_gazebo//models/turtlebot3_dqn_world/obstacle1
[24.974s] -- Up-to-date: /home/raphael/devel/tortello/install/turtlebot3_gazebo/share/turtlebot3_gazebo//models/turtlebot3_dqn_world/obstacle1/model.sdf
[24.975s] -- Up-to-date: /home/raphael/devel/tortello/install/turtlebot3_gazebo/share/turtlebot3_gazebo//models/turtlebot3_dqn_world/obstacle1/model.config
[24.975s] -- Up-to-date: /home/raphael/devel/tortello/install/turtlebot3_gazebo/share/turtlebot3_gazebo//models/turtlebot3_dqn_world/obstacle_plugin
[24.976s] -- Up-to-date: /home/raphael/devel/tortello/install/turtlebot3_gazebo/share/turtlebot3_gazebo//models/turtlebot3_dqn_world/obstacle_plugin/obstacle2.cc
[24.976s] -- Up-to-date: /home/raphael/devel/tortello/install/turtlebot3_gazebo/share/turtlebot3_gazebo//models/turtlebot3_dqn_world/obstacle_plugin/CMakeLists.txt
[24.976s] -- Up-to-date: /home/raphael/devel/tortello/install/turtlebot3_gazebo/share/turtlebot3_gazebo//models/turtlebot3_dqn_world/obstacle_plugin/build
[24.979s] -- Up-to-date: /home/raphael/devel/tortello/install/turtlebot3_gazebo/share/turtlebot3_gazebo//models/turtlebot3_dqn_world/obstacle_plugin/build/libobstacle1.so
[24.979s] -- Up-to-date: /home/raphael/devel/tortello/install/turtlebot3_gazebo/share/turtlebot3_gazebo//models/turtlebot3_dqn_world/obstacle_plugin/build/libobstacle2.so
[24.980s] -- Up-to-date: /home/raphael/devel/tortello/install/turtlebot3_gazebo/share/turtlebot3_gazebo//models/turtlebot3_dqn_world/obstacle_plugin/build/libobstacles.so
[24.980s] -- Up-to-date: /home/raphael/devel/tortello/install/turtlebot3_gazebo/share/turtlebot3_gazebo//models/turtlebot3_dqn_world/obstacle_plugin/obstacle1.cc
[24.980s] -- Up-to-date: /home/raphael/devel/tortello/install/turtlebot3_gazebo/share/turtlebot3_gazebo//models/turtlebot3_dqn_world/obstacle_plugin/obstacles.cc
[24.980s] -- Up-to-date: /home/raphael/devel/tortello/install/turtlebot3_gazebo/share/turtlebot3_gazebo//models/turtlebot3_dqn_world/obstacle2
[24.980s] -- Up-to-date: /home/raphael/devel/tortello/install/turtlebot3_gazebo/share/turtlebot3_gazebo//models/turtlebot3_dqn_world/obstacle2/model.sdf
[24.981s] -- Up-to-date: /home/raphael/devel/tortello/install/turtlebot3_gazebo/share/turtlebot3_gazebo//models/turtlebot3_dqn_world/obstacle2/model.config
[24.981s] -- Up-to-date: /home/raphael/devel/tortello/install/turtlebot3_gazebo/share/turtlebot3_gazebo//models/turtlebot3_dqn_world/model.sdf
[24.981s] -- Up-to-date: /home/raphael/devel/tortello/install/turtlebot3_gazebo/share/turtlebot3_gazebo//models/turtlebot3_dqn_world/goal_box
[24.996s] -- Up-to-date: /home/raphael/devel/tortello/install/turtlebot3_gazebo/share/turtlebot3_gazebo//models/turtlebot3_dqn_world/goal_box/model.sdf
[24.996s] -- Up-to-date: /home/raphael/devel/tortello/install/turtlebot3_gazebo/share/turtlebot3_gazebo//models/turtlebot3_dqn_world/goal_box/model.config
[24.996s] -- Up-to-date: /home/raphael/devel/tortello/install/turtlebot3_gazebo/share/turtlebot3_gazebo//models/turtlebot3_dqn_world/inner_walls
[24.998s] -- Up-to-date: /home/raphael/devel/tortello/install/turtlebot3_gazebo/share/turtlebot3_gazebo//models/turtlebot3_dqn_world/inner_walls/model.sdf
[24.999s] -- Up-to-date: /home/raphael/devel/tortello/install/turtlebot3_gazebo/share/turtlebot3_gazebo//models/turtlebot3_dqn_world/inner_walls/model.config
[24.999s] -- Up-to-date: /home/raphael/devel/tortello/install/turtlebot3_gazebo/share/turtlebot3_gazebo//models/turtlebot3_dqn_world/model.config
[24.999s] -- Up-to-date: /home/raphael/devel/tortello/install/turtlebot3_gazebo/share/turtlebot3_gazebo//models/turtlebot3_dqn_world/obstacles
[25.000s] -- Up-to-date: /home/raphael/devel/tortello/install/turtlebot3_gazebo/share/turtlebot3_gazebo//models/turtlebot3_dqn_world/obstacles/model.sdf
[25.001s] -- Up-to-date: /home/raphael/devel/tortello/install/turtlebot3_gazebo/share/turtlebot3_gazebo//models/turtlebot3_dqn_world/obstacles/model.config
[25.001s] -- Up-to-date: /home/raphael/devel/tortello/install/turtlebot3_gazebo/share/turtlebot3_gazebo//models/turtlebot3_waffle
[25.002s] -- Up-to-date: /home/raphael/devel/tortello/install/turtlebot3_gazebo/share/turtlebot3_gazebo//models/turtlebot3_waffle/model-1_4.sdf
[25.002s] -- Up-to-date: /home/raphael/devel/tortello/install/turtlebot3_gazebo/share/turtlebot3_gazebo//models/turtlebot3_waffle/meshes
[25.004s] -- Up-to-date: /home/raphael/devel/tortello/install/turtlebot3_gazebo/share/turtlebot3_gazebo//models/turtlebot3_waffle/meshes/waffle_base.dae
[25.004s] -- Up-to-date: /home/raphael/devel/tortello/install/turtlebot3_gazebo/share/turtlebot3_gazebo//models/turtlebot3_waffle/meshes/tire.dae
[25.005s] -- Up-to-date: /home/raphael/devel/tortello/install/turtlebot3_gazebo/share/turtlebot3_gazebo//models/turtlebot3_waffle/meshes/r200.dae
[25.005s] -- Up-to-date: /home/raphael/devel/tortello/install/turtlebot3_gazebo/share/turtlebot3_gazebo//models/turtlebot3_waffle/meshes/lds.dae
[25.005s] -- Up-to-date: /home/raphael/devel/tortello/install/turtlebot3_gazebo/share/turtlebot3_gazebo//models/turtlebot3_waffle/model.sdf
[25.005s] -- Up-to-date: /home/raphael/devel/tortello/install/turtlebot3_gazebo/share/turtlebot3_gazebo//models/turtlebot3_waffle/model.config
[25.005s] -- Up-to-date: /home/raphael/devel/tortello/install/turtlebot3_gazebo/share/turtlebot3_gazebo//models/turtlebot3_burger
[25.006s] -- Up-to-date: /home/raphael/devel/tortello/install/turtlebot3_gazebo/share/turtlebot3_gazebo//models/turtlebot3_burger/model-1_4.sdf
[25.006s] -- Up-to-date: /home/raphael/devel/tortello/install/turtlebot3_gazebo/share/turtlebot3_gazebo//models/turtlebot3_burger/meshes
[25.007s] -- Up-to-date: /home/raphael/devel/tortello/install/turtlebot3_gazebo/share/turtlebot3_gazebo//models/turtlebot3_burger/meshes/burger_base.dae
[25.007s] -- Up-to-date: /home/raphael/devel/tortello/install/turtlebot3_gazebo/share/turtlebot3_gazebo//models/turtlebot3_burger/meshes/tire.dae
[25.007s] -- Up-to-date: /home/raphael/devel/tortello/install/turtlebot3_gazebo/share/turtlebot3_gazebo//models/turtlebot3_burger/meshes/lds.dae
[25.008s] -- Up-to-date: /home/raphael/devel/tortello/install/turtlebot3_gazebo/share/turtlebot3_gazebo//models/turtlebot3_burger/model.sdf
[25.008s] -- Up-to-date: /home/raphael/devel/tortello/install/turtlebot3_gazebo/share/turtlebot3_gazebo//models/turtlebot3_burger/model.config
[25.008s] -- Up-to-date: /home/raphael/devel/tortello/install/turtlebot3_gazebo/share/turtlebot3_gazebo//models/turtlebot3_house
[25.009s] -- Up-to-date: /home/raphael/devel/tortello/install/turtlebot3_gazebo/share/turtlebot3_gazebo//models/turtlebot3_house/model.sdf
[25.009s] -- Up-to-date: /home/raphael/devel/tortello/install/turtlebot3_gazebo/share/turtlebot3_gazebo//models/turtlebot3_house/model.config
[25.009s] -- Up-to-date: /home/raphael/devel/tortello/install/turtlebot3_gazebo/share/turtlebot3_gazebo//models/turtlebot3_autorace
[25.011s] -- Up-to-date: /home/raphael/devel/tortello/install/turtlebot3_gazebo/share/turtlebot3_gazebo//models/turtlebot3_autorace/tunnel_obstacles
[25.012s] -- Up-to-date: /home/raphael/devel/tortello/install/turtlebot3_gazebo/share/turtlebot3_gazebo//models/turtlebot3_autorace/tunnel_obstacles/model.sdf
[25.012s] -- Up-to-date: /home/raphael/devel/tortello/install/turtlebot3_gazebo/share/turtlebot3_gazebo//models/turtlebot3_autorace/tunnel_obstacles/model.config
[25.012s] -- Up-to-date: /home/raphael/devel/tortello/install/turtlebot3_gazebo/share/turtlebot3_gazebo//models/turtlebot3_autorace/traffic_light_green
[25.014s] -- Up-to-date: /home/raphael/devel/tortello/install/turtlebot3_gazebo/share/turtlebot3_gazebo//models/turtlebot3_autorace/traffic_light_green/model.sdf
[25.014s] -- Up-to-date: /home/raphael/devel/tortello/install/turtlebot3_gazebo/share/turtlebot3_gazebo//models/turtlebot3_autorace/traffic_light_green/model.config
[25.015s] -- Up-to-date: /home/raphael/devel/tortello/install/turtlebot3_gazebo/share/turtlebot3_gazebo//models/turtlebot3_autorace/traffic_bar_down
[25.015s] -- Up-to-date: /home/raphael/devel/tortello/install/turtlebot3_gazebo/share/turtlebot3_gazebo//models/turtlebot3_autorace/traffic_bar_down/materials
[25.016s] -- Up-to-date: /home/raphael/devel/tortello/install/turtlebot3_gazebo/share/turtlebot3_gazebo//models/turtlebot3_autorace/traffic_bar_down/materials/scripts
[25.018s] -- Up-to-date: /home/raphael/devel/tortello/install/turtlebot3_gazebo/share/turtlebot3_gazebo//models/turtlebot3_autorace/traffic_bar_down/materials/scripts/traffic_bar.material
[25.022s] -- Up-to-date: /home/raphael/devel/tortello/install/turtlebot3_gazebo/share/turtlebot3_gazebo//models/turtlebot3_autorace/traffic_bar_down/materials/textures
[25.023s] -- Up-to-date: /home/raphael/devel/tortello/install/turtlebot3_gazebo/share/turtlebot3_gazebo//models/turtlebot3_autorace/traffic_bar_down/materials/textures/traffic_bar.png
[25.023s] -- Up-to-date: /home/raphael/devel/tortello/install/turtlebot3_gazebo/share/turtlebot3_gazebo//models/turtlebot3_autorace/traffic_bar_down/model.sdf
[25.023s] -- Up-to-date: /home/raphael/devel/tortello/install/turtlebot3_gazebo/share/turtlebot3_gazebo//models/turtlebot3_autorace/traffic_bar_down/model.config
[25.024s] -- Up-to-date: /home/raphael/devel/tortello/install/turtlebot3_gazebo/share/turtlebot3_gazebo//models/turtlebot3_autorace/course
[25.024s] -- Up-to-date: /home/raphael/devel/tortello/install/turtlebot3_gazebo/share/turtlebot3_gazebo//models/turtlebot3_autorace/course/materials
[25.024s] -- Up-to-date: /home/raphael/devel/tortello/install/turtlebot3_gazebo/share/turtlebot3_gazebo//models/turtlebot3_autorace/course/materials/scripts
[25.025s] -- Up-to-date: /home/raphael/devel/tortello/install/turtlebot3_gazebo/share/turtlebot3_gazebo//models/turtlebot3_autorace/course/materials/scripts/course.material
[25.025s] -- Up-to-date: /home/raphael/devel/tortello/install/turtlebot3_gazebo/share/turtlebot3_gazebo//models/turtlebot3_autorace/course/materials/textures
[25.025s] -- Up-to-date: /home/raphael/devel/tortello/install/turtlebot3_gazebo/share/turtlebot3_gazebo//models/turtlebot3_autorace/course/materials/textures/course.png
[25.026s] -- Up-to-date: /home/raphael/devel/tortello/install/turtlebot3_gazebo/share/turtlebot3_gazebo//models/turtlebot3_autorace/course/model.sdf
[25.026s] -- Up-to-date: /home/raphael/devel/tortello/install/turtlebot3_gazebo/share/turtlebot3_gazebo//models/turtlebot3_autorace/course/model.config
[25.026s] -- Up-to-date: /home/raphael/devel/tortello/install/turtlebot3_gazebo/share/turtlebot3_gazebo//models/turtlebot3_autorace/traffic_tunnel
[25.027s] -- Up-to-date: /home/raphael/devel/tortello/install/turtlebot3_gazebo/share/turtlebot3_gazebo//models/turtlebot3_autorace/traffic_tunnel/materials
[25.027s] -- Up-to-date: /home/raphael/devel/tortello/install/turtlebot3_gazebo/share/turtlebot3_gazebo//models/turtlebot3_autorace/traffic_tunnel/materials/scripts
[25.027s] -- Up-to-date: /home/raphael/devel/tortello/install/turtlebot3_gazebo/share/turtlebot3_gazebo//models/turtlebot3_autorace/traffic_tunnel/materials/scripts/tunnel.material
[25.028s] -- Up-to-date: /home/raphael/devel/tortello/install/turtlebot3_gazebo/share/turtlebot3_gazebo//models/turtlebot3_autorace/traffic_tunnel/materials/textures
[25.028s] -- Up-to-date: /home/raphael/devel/tortello/install/turtlebot3_gazebo/share/turtlebot3_gazebo//models/turtlebot3_autorace/traffic_tunnel/materials/textures/tunnel.png
[25.028s] -- Up-to-date: /home/raphael/devel/tortello/install/turtlebot3_gazebo/share/turtlebot3_gazebo//models/turtlebot3_autorace/traffic_tunnel/model.sdf
[25.028s] -- Up-to-date: /home/raphael/devel/tortello/install/turtlebot3_gazebo/share/turtlebot3_gazebo//models/turtlebot3_autorace/traffic_tunnel/model.config
[25.029s] -- Up-to-date: /home/raphael/devel/tortello/install/turtlebot3_gazebo/share/turtlebot3_gazebo//models/turtlebot3_autorace/traffic_light_red
[25.029s] -- Up-to-date: /home/raphael/devel/tortello/install/turtlebot3_gazebo/share/turtlebot3_gazebo//models/turtlebot3_autorace/traffic_light_red/model.sdf
[25.029s] -- Up-to-date: /home/raphael/devel/tortello/install/turtlebot3_gazebo/share/turtlebot3_gazebo//models/turtlebot3_autorace/traffic_light_red/model.config
[25.029s] -- Up-to-date: /home/raphael/devel/tortello/install/turtlebot3_gazebo/share/turtlebot3_gazebo//models/turtlebot3_autorace/traffic_parking
[25.029s] -- Up-to-date: /home/raphael/devel/tortello/install/turtlebot3_gazebo/share/turtlebot3_gazebo//models/turtlebot3_autorace/traffic_parking/materials
[25.030s] -- Up-to-date: /home/raphael/devel/tortello/install/turtlebot3_gazebo/share/turtlebot3_gazebo//models/turtlebot3_autorace/traffic_parking/materials/scripts
[25.030s] -- Up-to-date: /home/raphael/devel/tortello/install/turtlebot3_gazebo/share/turtlebot3_gazebo//models/turtlebot3_autorace/traffic_parking/materials/scripts/traffic_parking.material
[25.030s] -- Up-to-date: /home/raphael/devel/tortello/install/turtlebot3_gazebo/share/turtlebot3_gazebo//models/turtlebot3_autorace/traffic_parking/materials/textures
[25.033s] -- Up-to-date: /home/raphael/devel/tortello/install/turtlebot3_gazebo/share/turtlebot3_gazebo//models/turtlebot3_autorace/traffic_parking/materials/textures/traffic_parking.png
[25.034s] -- Up-to-date: /home/raphael/devel/tortello/install/turtlebot3_gazebo/share/turtlebot3_gazebo//models/turtlebot3_autorace/traffic_parking/model.sdf
[25.034s] -- Up-to-date: /home/raphael/devel/tortello/install/turtlebot3_gazebo/share/turtlebot3_gazebo//models/turtlebot3_autorace/traffic_parking/model.config
[25.034s] -- Up-to-date: /home/raphael/devel/tortello/install/turtlebot3_gazebo/share/turtlebot3_gazebo//models/turtlebot3_autorace/traffic_stop
[25.034s] -- Up-to-date: /home/raphael/devel/tortello/install/turtlebot3_gazebo/share/turtlebot3_gazebo//models/turtlebot3_autorace/traffic_stop/materials
[25.034s] -- Up-to-date: /home/raphael/devel/tortello/install/turtlebot3_gazebo/share/turtlebot3_gazebo//models/turtlebot3_autorace/traffic_stop/materials/scripts
[25.035s] -- Up-to-date: /home/raphael/devel/tortello/install/turtlebot3_gazebo/share/turtlebot3_gazebo//models/turtlebot3_autorace/traffic_stop/materials/scripts/traffic_stop.material
[25.035s] -- Up-to-date: /home/raphael/devel/tortello/install/turtlebot3_gazebo/share/turtlebot3_gazebo//models/turtlebot3_autorace/traffic_stop/materials/textures
[25.036s] -- Up-to-date: /home/raphael/devel/tortello/install/turtlebot3_gazebo/share/turtlebot3_gazebo//models/turtlebot3_autorace/traffic_stop/materials/textures/traffic_stop.png
[25.036s] -- Up-to-date: /home/raphael/devel/tortello/install/turtlebot3_gazebo/share/turtlebot3_gazebo//models/turtlebot3_autorace/traffic_stop/model.sdf
[25.036s] -- Up-to-date: /home/raphael/devel/tortello/install/turtlebot3_gazebo/share/turtlebot3_gazebo//models/turtlebot3_autorace/traffic_stop/model.config
[25.036s] -- Up-to-date: /home/raphael/devel/tortello/install/turtlebot3_gazebo/share/turtlebot3_gazebo//models/turtlebot3_autorace/traffic_light_yellow
[25.036s] -- Up-to-date: /home/raphael/devel/tortello/install/turtlebot3_gazebo/share/turtlebot3_gazebo//models/turtlebot3_autorace/traffic_light_yellow/model.sdf
[25.037s] -- Up-to-date: /home/raphael/devel/tortello/install/turtlebot3_gazebo/share/turtlebot3_gazebo//models/turtlebot3_autorace/traffic_light_yellow/model.config
[25.037s] -- Up-to-date: /home/raphael/devel/tortello/install/turtlebot3_gazebo/share/turtlebot3_gazebo//models/turtlebot3_autorace/model.config
[25.037s] -- Up-to-date: /home/raphael/devel/tortello/install/turtlebot3_gazebo/share/turtlebot3_gazebo//models/turtlebot3_autorace/traffic_bar_up
[25.037s] -- Up-to-date: /home/raphael/devel/tortello/install/turtlebot3_gazebo/share/turtlebot3_gazebo//models/turtlebot3_autorace/traffic_bar_up/materials
[25.038s] -- Up-to-date: /home/raphael/devel/tortello/install/turtlebot3_gazebo/share/turtlebot3_gazebo//models/turtlebot3_autorace/traffic_bar_up/materials/scripts
[25.038s] -- Up-to-date: /home/raphael/devel/tortello/install/turtlebot3_gazebo/share/turtlebot3_gazebo//models/turtlebot3_autorace/traffic_bar_up/materials/scripts/traffic_bar.material
[25.038s] -- Up-to-date: /home/raphael/devel/tortello/install/turtlebot3_gazebo/share/turtlebot3_gazebo//models/turtlebot3_autorace/traffic_bar_up/materials/textures
[25.038s] -- Up-to-date: /home/raphael/devel/tortello/install/turtlebot3_gazebo/share/turtlebot3_gazebo//models/turtlebot3_autorace/traffic_bar_up/materials/textures/traffic_bar.png
[25.039s] -- Up-to-date: /home/raphael/devel/tortello/install/turtlebot3_gazebo/share/turtlebot3_gazebo//models/turtlebot3_autorace/traffic_bar_up/model.sdf
[25.039s] -- Up-to-date: /home/raphael/devel/tortello/install/turtlebot3_gazebo/share/turtlebot3_gazebo//models/turtlebot3_autorace/traffic_bar_up/model.config
[25.039s] -- Up-to-date: /home/raphael/devel/tortello/install/turtlebot3_gazebo/share/turtlebot3_gazebo//models/turtlebot3_autorace/tunnel_wall
[25.039s] -- Up-to-date: /home/raphael/devel/tortello/install/turtlebot3_gazebo/share/turtlebot3_gazebo//models/turtlebot3_autorace/tunnel_wall/model.sdf
[25.039s] -- Up-to-date: /home/raphael/devel/tortello/install/turtlebot3_gazebo/share/turtlebot3_gazebo//models/turtlebot3_autorace/tunnel_wall/model.config
[25.039s] -- Up-to-date: /home/raphael/devel/tortello/install/turtlebot3_gazebo/share/turtlebot3_gazebo//models/turtlebot3_autorace/lights
[25.043s] -- Up-to-date: /home/raphael/devel/tortello/install/turtlebot3_gazebo/share/turtlebot3_gazebo//models/turtlebot3_autorace/lights/model.sdf
[25.044s] -- Up-to-date: /home/raphael/devel/tortello/install/turtlebot3_gazebo/share/turtlebot3_gazebo//models/turtlebot3_autorace/lights/model.config
[25.044s] -- Up-to-date: /home/raphael/devel/tortello/install/turtlebot3_gazebo/share/turtlebot3_gazebo//models/turtlebot3_autorace/ground
[25.045s] -- Up-to-date: /home/raphael/devel/tortello/install/turtlebot3_gazebo/share/turtlebot3_gazebo//models/turtlebot3_autorace/ground/model.sdf
[25.045s] -- Up-to-date: /home/raphael/devel/tortello/install/turtlebot3_gazebo/share/turtlebot3_gazebo//models/turtlebot3_autorace/ground/model.config
[25.045s] -- Up-to-date: /home/raphael/devel/tortello/install/turtlebot3_gazebo/share/turtlebot3_gazebo//models/turtlebot3_world
[25.048s] -- Up-to-date: /home/raphael/devel/tortello/install/turtlebot3_gazebo/share/turtlebot3_gazebo//models/turtlebot3_world/model-1_4.sdf
[25.048s] -- Up-to-date: /home/raphael/devel/tortello/install/turtlebot3_gazebo/share/turtlebot3_gazebo//models/turtlebot3_world/meshes
[25.052s] -- Up-to-date: /home/raphael/devel/tortello/install/turtlebot3_gazebo/share/turtlebot3_gazebo//models/turtlebot3_world/meshes/wall.dae
[25.053s] -- Up-to-date: /home/raphael/devel/tortello/install/turtlebot3_gazebo/share/turtlebot3_gazebo//models/turtlebot3_world/meshes/hexagon.dae
[25.053s] -- Up-to-date: /home/raphael/devel/tortello/install/turtlebot3_gazebo/share/turtlebot3_gazebo//models/turtlebot3_world/model.sdf
[25.053s] -- Up-to-date: /home/raphael/devel/tortello/install/turtlebot3_gazebo/share/turtlebot3_gazebo//models/turtlebot3_world/model.config
[25.053s] -- Up-to-date: /home/raphael/devel/tortello/install/turtlebot3_gazebo/share/turtlebot3_gazebo//rviz
[25.054s] -- Up-to-date: /home/raphael/devel/tortello/install/turtlebot3_gazebo/share/turtlebot3_gazebo//rviz/tb3_gazebo.rviz
[25.055s] -- Up-to-date: /home/raphael/devel/tortello/install/turtlebot3_gazebo/share/turtlebot3_gazebo//worlds
[25.058s] -- Up-to-date: /home/raphael/devel/tortello/install/turtlebot3_gazebo/share/turtlebot3_gazebo//worlds/turtlebot3_worlds
[25.060s] -- Up-to-date: /home/raphael/devel/tortello/install/turtlebot3_gazebo/share/turtlebot3_gazebo//worlds/turtlebot3_worlds/waffle.model
[25.060s] -- Up-to-date: /home/raphael/devel/tortello/install/turtlebot3_gazebo/share/turtlebot3_gazebo//worlds/turtlebot3_worlds/waffle_pi.model
[25.062s] -- Up-to-date: /home/raphael/devel/tortello/install/turtlebot3_gazebo/share/turtlebot3_gazebo//worlds/turtlebot3_worlds/burger.model
[25.063s] -- Up-to-date: /home/raphael/devel/tortello/install/turtlebot3_gazebo/share/turtlebot3_gazebo//worlds/turtlebot3_dqn_stage4
[25.063s] -- Up-to-date: /home/raphael/devel/tortello/install/turtlebot3_gazebo/share/turtlebot3_gazebo//worlds/turtlebot3_dqn_stage4/waffle.model
[25.063s] -- Up-to-date: /home/raphael/devel/tortello/install/turtlebot3_gazebo/share/turtlebot3_gazebo//worlds/turtlebot3_dqn_stage4/waffle_pi.model
[25.063s] -- Up-to-date: /home/raphael/devel/tortello/install/turtlebot3_gazebo/share/turtlebot3_gazebo//worlds/turtlebot3_dqn_stage4/burger.model
[25.063s] -- Up-to-date: /home/raphael/devel/tortello/install/turtlebot3_gazebo/share/turtlebot3_gazebo//worlds/turtlebot3_dqn_stage1
[25.065s] -- Up-to-date: /home/raphael/devel/tortello/install/turtlebot3_gazebo/share/turtlebot3_gazebo//worlds/turtlebot3_dqn_stage1/waffle.model
[25.065s] -- Up-to-date: /home/raphael/devel/tortello/install/turtlebot3_gazebo/share/turtlebot3_gazebo//worlds/turtlebot3_dqn_stage1/waffle_pi.model
[25.066s] -- Up-to-date: /home/raphael/devel/tortello/install/turtlebot3_gazebo/share/turtlebot3_gazebo//worlds/turtlebot3_dqn_stage1/burger.model
[25.066s] -- Up-to-date: /home/raphael/devel/tortello/install/turtlebot3_gazebo/share/turtlebot3_gazebo//worlds/empty_worlds
[25.068s] -- Up-to-date: /home/raphael/devel/tortello/install/turtlebot3_gazebo/share/turtlebot3_gazebo//worlds/empty_worlds/waffle.model
[25.069s] -- Up-to-date: /home/raphael/devel/tortello/install/turtlebot3_gazebo/share/turtlebot3_gazebo//worlds/empty_worlds/waffle_pi.model
[25.070s] -- Up-to-date: /home/raphael/devel/tortello/install/turtlebot3_gazebo/share/turtlebot3_gazebo//worlds/empty_worlds/burger.model
[25.071s] -- Up-to-date: /home/raphael/devel/tortello/install/turtlebot3_gazebo/share/turtlebot3_gazebo//worlds/turtlebot3_autoraces
[25.072s] -- Up-to-date: /home/raphael/devel/tortello/install/turtlebot3_gazebo/share/turtlebot3_gazebo//worlds/turtlebot3_autoraces/waffle.model
[25.072s] -- Up-to-date: /home/raphael/devel/tortello/install/turtlebot3_gazebo/share/turtlebot3_gazebo//worlds/turtlebot3_autoraces/waffle_pi.model
[25.072s] -- Up-to-date: /home/raphael/devel/tortello/install/turtlebot3_gazebo/share/turtlebot3_gazebo//worlds/turtlebot3_autoraces/burger.model
[25.072s] -- Up-to-date: /home/raphael/devel/tortello/install/turtlebot3_gazebo/share/turtlebot3_gazebo//worlds/turtlebot3_dqn_stage3
[25.073s] -- Up-to-date: /home/raphael/devel/tortello/install/turtlebot3_gazebo/share/turtlebot3_gazebo//worlds/turtlebot3_dqn_stage3/waffle.model
[25.073s] -- Up-to-date: /home/raphael/devel/tortello/install/turtlebot3_gazebo/share/turtlebot3_gazebo//worlds/turtlebot3_dqn_stage3/waffle_pi.model
[25.074s] -- Up-to-date: /home/raphael/devel/tortello/install/turtlebot3_gazebo/share/turtlebot3_gazebo//worlds/turtlebot3_dqn_stage3/burger.model
[25.075s] -- Up-to-date: /home/raphael/devel/tortello/install/turtlebot3_gazebo/share/turtlebot3_gazebo//worlds/turtlebot3_houses
[25.075s] -- Up-to-date: /home/raphael/devel/tortello/install/turtlebot3_gazebo/share/turtlebot3_gazebo//worlds/turtlebot3_houses/waffle.model
[25.075s] -- Up-to-date: /home/raphael/devel/tortello/install/turtlebot3_gazebo/share/turtlebot3_gazebo//worlds/turtlebot3_houses/waffle_pi.model
[25.075s] -- Up-to-date: /home/raphael/devel/tortello/install/turtlebot3_gazebo/share/turtlebot3_gazebo//worlds/turtlebot3_houses/burger.model
[25.076s] -- Up-to-date: /home/raphael/devel/tortello/install/turtlebot3_gazebo/share/turtlebot3_gazebo//worlds/turtlebot3_dqn_stage2
[25.076s] -- Up-to-date: /home/raphael/devel/tortello/install/turtlebot3_gazebo/share/turtlebot3_gazebo//worlds/turtlebot3_dqn_stage2/waffle.model
[25.076s] -- Up-to-date: /home/raphael/devel/tortello/install/turtlebot3_gazebo/share/turtlebot3_gazebo//worlds/turtlebot3_dqn_stage2/waffle_pi.model
[25.076s] -- Up-to-date: /home/raphael/devel/tortello/install/turtlebot3_gazebo/share/turtlebot3_gazebo//worlds/turtlebot3_dqn_stage2/burger.model
[25.076s] -- Up-to-date: /home/raphael/devel/tortello/install/turtlebot3_gazebo/include/
[25.077s] -- Up-to-date: /home/raphael/devel/tortello/install/turtlebot3_gazebo/include//turtlebot3_gazebo
[25.080s] -- Up-to-date: /home/raphael/devel/tortello/install/turtlebot3_gazebo/include//turtlebot3_gazebo/turtlebot3_drive.hpp
[25.087s] -- Installing: /home/raphael/devel/tortello/install/turtlebot3_gazebo/share/ament_index/resource_index/package_run_dependencies/turtlebot3_gazebo
[25.095s] -- Installing: /home/raphael/devel/tortello/install/turtlebot3_gazebo/share/ament_index/resource_index/parent_prefix_path/turtlebot3_gazebo
[25.096s] -- Up-to-date: /home/raphael/devel/tortello/install/turtlebot3_gazebo/share/turtlebot3_gazebo/environment/ament_prefix_path.sh
[25.096s] -- Installing: /home/raphael/devel/tortello/install/turtlebot3_gazebo/share/turtlebot3_gazebo/environment/ament_prefix_path.dsv
[25.102s] -- Up-to-date: /home/raphael/devel/tortello/install/turtlebot3_gazebo/share/turtlebot3_gazebo/environment/path.sh
[25.102s] -- Installing: /home/raphael/devel/tortello/install/turtlebot3_gazebo/share/turtlebot3_gazebo/environment/path.dsv
[25.102s] -- Installing: /home/raphael/devel/tortello/install/turtlebot3_gazebo/share/turtlebot3_gazebo/local_setup.bash
[25.102s] -- Installing: /home/raphael/devel/tortello/install/turtlebot3_gazebo/share/turtlebot3_gazebo/local_setup.sh
[25.102s] -- Installing: /home/raphael/devel/tortello/install/turtlebot3_gazebo/share/turtlebot3_gazebo/local_setup.zsh
[25.102s] -- Installing: /home/raphael/devel/tortello/install/turtlebot3_gazebo/share/turtlebot3_gazebo/local_setup.dsv
[25.103s] -- Installing: /home/raphael/devel/tortello/install/turtlebot3_gazebo/share/turtlebot3_gazebo/package.dsv
[25.105s] -- Installing: /home/raphael/devel/tortello/install/turtlebot3_gazebo/share/ament_index/resource_index/packages/turtlebot3_gazebo
[25.106s] -- Installing: /home/raphael/devel/tortello/install/turtlebot3_gazebo/share/turtlebot3_gazebo/cmake/ament_cmake_export_include_directories-extras.cmake
[25.107s] -- Installing: /home/raphael/devel/tortello/install/turtlebot3_gazebo/share/turtlebot3_gazebo/cmake/ament_cmake_export_dependencies-extras.cmake
[25.108s] -- Installing: /home/raphael/devel/tortello/install/turtlebot3_gazebo/share/turtlebot3_gazebo/cmake/turtlebot3_gazeboConfig.cmake
[25.109s] -- Installing: /home/raphael/devel/tortello/install/turtlebot3_gazebo/share/turtlebot3_gazebo/cmake/turtlebot3_gazeboConfig-version.cmake
[25.110s] -- Up-to-date: /home/raphael/devel/tortello/install/turtlebot3_gazebo/share/turtlebot3_gazebo/package.xml
[25.117s] Invoked command in '/home/raphael/devel/tortello/build/turtlebot3_gazebo' returned '0': CMAKE_PREFIX_PATH=/opt/ros/foxy COMP_WORDBREAKS=
"'><;|&(: /usr/bin/cmake --install /home/raphael/devel/tortello/build/turtlebot3_gazebo
