[0.065s] Invoking command in '/home/raphael/devel/tortello/build/turtlebot3_gazebo': COMP_WORDBREAKS=
"'><;|&(: /usr/bin/cmake /home/raphael/devel/tortello/src/turtlebot3_simulations/turtlebot3_gazebo -DCMAKE_INSTALL_PREFIX=/home/raphael/devel/tortello/install/turtlebot3_gazebo
[1.053s] -- The C compiler identification is GNU 9.2.1
[1.597s] -- The CXX compiler identification is GNU 9.2.1
[1.638s] -- Check for working C compiler: /usr/bin/cc
[1.815s] -- Check for working C compiler: /usr/bin/cc -- works
[1.819s] -- Detecting C compiler ABI info
[2.088s] -- Detecting C compiler ABI info - done
[2.128s] -- Detecting C compile features
[2.129s] -- Detecting C compile features - done
[2.143s] -- Check for working CXX compiler: /usr/bin/c++
[2.300s] -- Check for working CXX compiler: /usr/bin/c++ -- works
[2.304s] -- Detecting CXX compiler ABI info
[2.489s] -- Detecting CXX compiler ABI info - done
[2.521s] -- Detecting CXX compile features
[2.522s] -- Detecting CXX compile features - done
[2.559s] CMake Error at CMakeLists.txt:22 (find_package):
[2.560s]   By not providing "Findament_cmake.cmake" in CMAKE_MODULE_PATH this project
[2.560s]   has asked CMake to find a package configuration file provided by
[2.560s]   "ament_cmake", but CMake did not find one.
[2.560s] 
[2.560s]   Could not find a package configuration file provided by "ament_cmake" with
[2.561s]   any of the following names:
[2.561s] 
[2.561s]     ament_cmakeConfig.cmake
[2.561s]     ament_cmake-config.cmake
[2.561s] 
[2.562s]   Add the installation prefix of "ament_cmake" to CMAKE_PREFIX_PATH or set
[2.562s]   "ament_cmake_DIR" to a directory containing one of the above files.  If
[2.562s]   "ament_cmake" provides a separate development package or SDK, be sure it
[2.562s]   has been installed.
[2.562s] 
[2.562s] 
[2.582s] -- Configuring incomplete, errors occurred!
[2.583s] See also "/home/raphael/devel/tortello/build/turtlebot3_gazebo/CMakeFiles/CMakeOutput.log".
[2.583s] Invoked command in '/home/raphael/devel/tortello/build/turtlebot3_gazebo' returned '1': COMP_WORDBREAKS=
"'><;|&(: /usr/bin/cmake /home/raphael/devel/tortello/src/turtlebot3_simulations/turtlebot3_gazebo -DCMAKE_INSTALL_PREFIX=/home/raphael/devel/tortello/install/turtlebot3_gazebo
