running egg_info
creating ../../build/tortello_pkg/tortello_pkg.egg-info
writing ../../build/tortello_pkg/tortello_pkg.egg-info/PKG-INFO
writing dependency_links to ../../build/tortello_pkg/tortello_pkg.egg-info/dependency_links.txt
writing entry points to ../../build/tortello_pkg/tortello_pkg.egg-info/entry_points.txt
writing requirements to ../../build/tortello_pkg/tortello_pkg.egg-info/requires.txt
writing top-level names to ../../build/tortello_pkg/tortello_pkg.egg-info/top_level.txt
writing manifest file '../../build/tortello_pkg/tortello_pkg.egg-info/SOURCES.txt'
reading manifest file '../../build/tortello_pkg/tortello_pkg.egg-info/SOURCES.txt'
writing manifest file '../../build/tortello_pkg/tortello_pkg.egg-info/SOURCES.txt'
running build
running build_py
creating /home/raphael/Documenti/Programming/tortello/build/tortello_pkg/build
creating /home/raphael/Documenti/Programming/tortello/build/tortello_pkg/build/lib
creating /home/raphael/Documenti/Programming/tortello/build/tortello_pkg/build/lib/tortello_pkg
copying tortello_pkg/publisher_member_function.py -> /home/raphael/Documenti/Programming/tortello/build/tortello_pkg/build/lib/tortello_pkg
copying tortello_pkg/__init__.py -> /home/raphael/Documenti/Programming/tortello/build/tortello_pkg/build/lib/tortello_pkg
running install
running install_lib
creating /home/raphael/Documenti/Programming/tortello/install/tortello_pkg/lib/python3.8/site-packages/tortello_pkg
copying /home/raphael/Documenti/Programming/tortello/build/tortello_pkg/build/lib/tortello_pkg/publisher_member_function.py -> /home/raphael/Documenti/Programming/tortello/install/tortello_pkg/lib/python3.8/site-packages/tortello_pkg
copying /home/raphael/Documenti/Programming/tortello/build/tortello_pkg/build/lib/tortello_pkg/__init__.py -> /home/raphael/Documenti/Programming/tortello/install/tortello_pkg/lib/python3.8/site-packages/tortello_pkg
byte-compiling /home/raphael/Documenti/Programming/tortello/install/tortello_pkg/lib/python3.8/site-packages/tortello_pkg/publisher_member_function.py to publisher_member_function.cpython-38.pyc
byte-compiling /home/raphael/Documenti/Programming/tortello/install/tortello_pkg/lib/python3.8/site-packages/tortello_pkg/__init__.py to __init__.cpython-38.pyc
running install_data
creating /home/raphael/Documenti/Programming/tortello/install/tortello_pkg/share/ament_index
creating /home/raphael/Documenti/Programming/tortello/install/tortello_pkg/share/ament_index/resource_index
creating /home/raphael/Documenti/Programming/tortello/install/tortello_pkg/share/ament_index/resource_index/packages
copying resource/tortello_pkg -> /home/raphael/Documenti/Programming/tortello/install/tortello_pkg/share/ament_index/resource_index/packages
copying package.xml -> /home/raphael/Documenti/Programming/tortello/install/tortello_pkg/share/tortello_pkg
running install_egg_info
Copying ../../build/tortello_pkg/tortello_pkg.egg-info to /home/raphael/Documenti/Programming/tortello/install/tortello_pkg/lib/python3.8/site-packages/tortello_pkg-0.0.0-py3.8.egg-info
running install_scripts
Installing talker script to /home/raphael/Documenti/Programming/tortello/install/tortello_pkg/lib/tortello_pkg
writing list of installed files to '/home/raphael/Documenti/Programming/tortello/build/tortello_pkg/install.log'
