[0.435s] Invoking command in '/home/raphael/Documenti/Programming/tortello/src/tortello_pkg': COMP_WORDBREAKS=
"'><;|&(: PYTHONPATH=/home/raphael/Documenti/Programming/tortello/install/tortello_pkg/lib/python3.8/site-packages:${PYTHONPATH} /usr/bin/python3 setup.py egg_info --egg-base ../../build/tortello_pkg build --build-base /home/raphael/Documenti/Programming/tortello/build/tortello_pkg/build install --prefix /home/raphael/Documenti/Programming/tortello/install/tortello_pkg --record /home/raphael/Documenti/Programming/tortello/build/tortello_pkg/install.log --single-version-externally-managed
[0.865s] running egg_info
[0.866s] creating ../../build/tortello_pkg/tortello_pkg.egg-info
[0.867s] writing ../../build/tortello_pkg/tortello_pkg.egg-info/PKG-INFO
[0.867s] writing dependency_links to ../../build/tortello_pkg/tortello_pkg.egg-info/dependency_links.txt
[0.867s] writing entry points to ../../build/tortello_pkg/tortello_pkg.egg-info/entry_points.txt
[0.868s] writing requirements to ../../build/tortello_pkg/tortello_pkg.egg-info/requires.txt
[0.868s] writing top-level names to ../../build/tortello_pkg/tortello_pkg.egg-info/top_level.txt
[0.919s] writing manifest file '../../build/tortello_pkg/tortello_pkg.egg-info/SOURCES.txt'
[1.074s] reading manifest file '../../build/tortello_pkg/tortello_pkg.egg-info/SOURCES.txt'
[1.077s] writing manifest file '../../build/tortello_pkg/tortello_pkg.egg-info/SOURCES.txt'
[1.078s] running build
[1.078s] running build_py
[1.078s] creating /home/raphael/Documenti/Programming/tortello/build/tortello_pkg/build
[1.078s] creating /home/raphael/Documenti/Programming/tortello/build/tortello_pkg/build/lib
[1.078s] creating /home/raphael/Documenti/Programming/tortello/build/tortello_pkg/build/lib/tortello_pkg
[1.078s] copying tortello_pkg/publisher_member_function.py -> /home/raphael/Documenti/Programming/tortello/build/tortello_pkg/build/lib/tortello_pkg
[1.079s] copying tortello_pkg/__init__.py -> /home/raphael/Documenti/Programming/tortello/build/tortello_pkg/build/lib/tortello_pkg
[1.080s] running install
[1.082s] running install_lib
[1.090s] creating /home/raphael/Documenti/Programming/tortello/install/tortello_pkg/lib/python3.8/site-packages/tortello_pkg
[1.091s] copying /home/raphael/Documenti/Programming/tortello/build/tortello_pkg/build/lib/tortello_pkg/publisher_member_function.py -> /home/raphael/Documenti/Programming/tortello/install/tortello_pkg/lib/python3.8/site-packages/tortello_pkg
[1.091s] copying /home/raphael/Documenti/Programming/tortello/build/tortello_pkg/build/lib/tortello_pkg/__init__.py -> /home/raphael/Documenti/Programming/tortello/install/tortello_pkg/lib/python3.8/site-packages/tortello_pkg
[1.093s] byte-compiling /home/raphael/Documenti/Programming/tortello/install/tortello_pkg/lib/python3.8/site-packages/tortello_pkg/publisher_member_function.py to publisher_member_function.cpython-38.pyc
[1.094s] byte-compiling /home/raphael/Documenti/Programming/tortello/install/tortello_pkg/lib/python3.8/site-packages/tortello_pkg/__init__.py to __init__.cpython-38.pyc
[1.096s] running install_data
[1.097s] creating /home/raphael/Documenti/Programming/tortello/install/tortello_pkg/share/ament_index
[1.097s] creating /home/raphael/Documenti/Programming/tortello/install/tortello_pkg/share/ament_index/resource_index
[1.097s] creating /home/raphael/Documenti/Programming/tortello/install/tortello_pkg/share/ament_index/resource_index/packages
[1.097s] copying resource/tortello_pkg -> /home/raphael/Documenti/Programming/tortello/install/tortello_pkg/share/ament_index/resource_index/packages
[1.097s] copying package.xml -> /home/raphael/Documenti/Programming/tortello/install/tortello_pkg/share/tortello_pkg
[1.098s] running install_egg_info
[1.108s] Copying ../../build/tortello_pkg/tortello_pkg.egg-info to /home/raphael/Documenti/Programming/tortello/install/tortello_pkg/lib/python3.8/site-packages/tortello_pkg-0.0.0-py3.8.egg-info
[1.110s] running install_scripts
[1.250s] Installing talker script to /home/raphael/Documenti/Programming/tortello/install/tortello_pkg/lib/tortello_pkg
[1.252s] writing list of installed files to '/home/raphael/Documenti/Programming/tortello/build/tortello_pkg/install.log'
[1.312s] Invoked command in '/home/raphael/Documenti/Programming/tortello/src/tortello_pkg' returned '0': COMP_WORDBREAKS=
"'><;|&(: PYTHONPATH=/home/raphael/Documenti/Programming/tortello/install/tortello_pkg/lib/python3.8/site-packages:${PYTHONPATH} /usr/bin/python3 setup.py egg_info --egg-base ../../build/tortello_pkg build --build-base /home/raphael/Documenti/Programming/tortello/build/tortello_pkg/build install --prefix /home/raphael/Documenti/Programming/tortello/install/tortello_pkg --record /home/raphael/Documenti/Programming/tortello/build/tortello_pkg/install.log --single-version-externally-managed
