[0.058s] Invoking command in '/home/raphael/devel/tortello/build/turtlebot3_simulations': CMAKE_PREFIX_PATH=/home/raphael/devel/tortello/install/turtlebot3_gazebo:/home/raphael/devel/tortello/install/turtlebot3_fake_node:/home/raphael/devel/tortello/install/turtlebot3_simulations:/home/raphael/devel/tortello/install/tortello_pkg:/opt/ros/foxy COMP_WORDBREAKS=
"'><;|&(: IFS= PS1=(tortello_desktop) ${debian_chroot:+($debian_chroot)}\u@\h:\w\$ _OLD_VIRTUAL_PS1=${debian_chroot:+($debian_chroot)}\u@\h:\w\$ /usr/bin/cmake --build /home/raphael/devel/tortello/build/turtlebot3_simulations -- -j4 -l4
[0.156s] Invoked command in '/home/raphael/devel/tortello/build/turtlebot3_simulations' returned '0': CMAKE_PREFIX_PATH=/home/raphael/devel/tortello/install/turtlebot3_gazebo:/home/raphael/devel/tortello/install/turtlebot3_fake_node:/home/raphael/devel/tortello/install/turtlebot3_simulations:/home/raphael/devel/tortello/install/tortello_pkg:/opt/ros/foxy COMP_WORDBREAKS=
"'><;|&(: IFS= PS1=(tortello_desktop) ${debian_chroot:+($debian_chroot)}\u@\h:\w\$ _OLD_VIRTUAL_PS1=${debian_chroot:+($debian_chroot)}\u@\h:\w\$ /usr/bin/cmake --build /home/raphael/devel/tortello/build/turtlebot3_simulations -- -j4 -l4
[0.207s] Invoking command in '/home/raphael/devel/tortello/build/turtlebot3_simulations': CMAKE_PREFIX_PATH=/home/raphael/devel/tortello/install/turtlebot3_gazebo:/home/raphael/devel/tortello/install/turtlebot3_fake_node:/home/raphael/devel/tortello/install/turtlebot3_simulations:/home/raphael/devel/tortello/install/tortello_pkg:/opt/ros/foxy COMP_WORDBREAKS=
"'><;|&(: IFS= PS1=(tortello_desktop) ${debian_chroot:+($debian_chroot)}\u@\h:\w\$ _OLD_VIRTUAL_PS1=${debian_chroot:+($debian_chroot)}\u@\h:\w\$ /usr/bin/cmake --install /home/raphael/devel/tortello/build/turtlebot3_simulations
[0.222s] -- Install configuration: ""
[0.223s] -- Up-to-date: /home/raphael/devel/tortello/install/turtlebot3_simulations/share/ament_index/resource_index/package_run_dependencies/turtlebot3_simulations
[0.223s] -- Up-to-date: /home/raphael/devel/tortello/install/turtlebot3_simulations/share/ament_index/resource_index/parent_prefix_path/turtlebot3_simulations
[0.224s] -- Up-to-date: /home/raphael/devel/tortello/install/turtlebot3_simulations/share/turtlebot3_simulations/environment/ament_prefix_path.sh
[0.224s] -- Up-to-date: /home/raphael/devel/tortello/install/turtlebot3_simulations/share/turtlebot3_simulations/environment/ament_prefix_path.dsv
[0.224s] -- Up-to-date: /home/raphael/devel/tortello/install/turtlebot3_simulations/share/turtlebot3_simulations/environment/path.sh
[0.224s] -- Up-to-date: /home/raphael/devel/tortello/install/turtlebot3_simulations/share/turtlebot3_simulations/environment/path.dsv
[0.225s] -- Up-to-date: /home/raphael/devel/tortello/install/turtlebot3_simulations/share/turtlebot3_simulations/local_setup.bash
[0.225s] -- Up-to-date: /home/raphael/devel/tortello/install/turtlebot3_simulations/share/turtlebot3_simulations/local_setup.sh
[0.225s] -- Up-to-date: /home/raphael/devel/tortello/install/turtlebot3_simulations/share/turtlebot3_simulations/local_setup.zsh
[0.225s] -- Up-to-date: /home/raphael/devel/tortello/install/turtlebot3_simulations/share/turtlebot3_simulations/local_setup.dsv
[0.226s] -- Installing: /home/raphael/devel/tortello/install/turtlebot3_simulations/share/turtlebot3_simulations/package.dsv
[0.226s] -- Up-to-date: /home/raphael/devel/tortello/install/turtlebot3_simulations/share/ament_index/resource_index/packages/turtlebot3_simulations
[0.226s] -- Up-to-date: /home/raphael/devel/tortello/install/turtlebot3_simulations/share/turtlebot3_simulations/cmake/turtlebot3_simulationsConfig.cmake
[0.227s] -- Up-to-date: /home/raphael/devel/tortello/install/turtlebot3_simulations/share/turtlebot3_simulations/cmake/turtlebot3_simulationsConfig-version.cmake
[0.227s] -- Up-to-date: /home/raphael/devel/tortello/install/turtlebot3_simulations/share/turtlebot3_simulations/package.xml
[0.234s] Invoked command in '/home/raphael/devel/tortello/build/turtlebot3_simulations' returned '0': CMAKE_PREFIX_PATH=/home/raphael/devel/tortello/install/turtlebot3_gazebo:/home/raphael/devel/tortello/install/turtlebot3_fake_node:/home/raphael/devel/tortello/install/turtlebot3_simulations:/home/raphael/devel/tortello/install/tortello_pkg:/opt/ros/foxy COMP_WORDBREAKS=
"'><;|&(: IFS= PS1=(tortello_desktop) ${debian_chroot:+($debian_chroot)}\u@\h:\w\$ _OLD_VIRTUAL_PS1=${debian_chroot:+($debian_chroot)}\u@\h:\w\$ /usr/bin/cmake --install /home/raphael/devel/tortello/build/turtlebot3_simulations
