[0.854s] Invoking command in '/home/raphael/devel/tortello/src/tortello_pkg': COMP_WORDBREAKS=
"'><;|&(: PYTHONPATH=/home/raphael/devel/tortello/install/tortello_pkg/lib/python3.8/site-packages: /usr/bin/python3 setup.py egg_info --egg-base ../../build/tortello_pkg build --build-base /home/raphael/devel/tortello/build/tortello_pkg/build install --prefix /home/raphael/devel/tortello/install/tortello_pkg --record /home/raphael/devel/tortello/build/tortello_pkg/install.log --single-version-externally-managed
[1.589s] running egg_info
[1.589s] writing ../../build/tortello_pkg/tortello_pkg.egg-info/PKG-INFO
[1.591s] writing dependency_links to ../../build/tortello_pkg/tortello_pkg.egg-info/dependency_links.txt
[1.591s] writing entry points to ../../build/tortello_pkg/tortello_pkg.egg-info/entry_points.txt
[1.591s] writing requirements to ../../build/tortello_pkg/tortello_pkg.egg-info/requires.txt
[1.592s] writing top-level names to ../../build/tortello_pkg/tortello_pkg.egg-info/top_level.txt
[1.747s] reading manifest file '../../build/tortello_pkg/tortello_pkg.egg-info/SOURCES.txt'
[1.765s] writing manifest file '../../build/tortello_pkg/tortello_pkg.egg-info/SOURCES.txt'
[1.765s] running build
[1.765s] running build_py
[1.767s] copying tortello_pkg/controller_ps4.py -> /home/raphael/devel/tortello/build/tortello_pkg/build/lib/tortello_pkg
[1.769s] running install
[1.772s] running install_lib
[1.776s] copying /home/raphael/devel/tortello/build/tortello_pkg/build/lib/tortello_pkg/controller_ps4.py -> /home/raphael/devel/tortello/install/tortello_pkg/lib/python3.8/site-packages/tortello_pkg
[1.777s] byte-compiling /home/raphael/devel/tortello/install/tortello_pkg/lib/python3.8/site-packages/tortello_pkg/controller_ps4.py to controller_ps4.cpython-38.pyc
[1.778s] running install_data
[1.779s] running install_egg_info
[1.803s] removing '/home/raphael/devel/tortello/install/tortello_pkg/lib/python3.8/site-packages/tortello_pkg-0.0.0-py3.8.egg-info' (and everything under it)
[1.827s] Copying ../../build/tortello_pkg/tortello_pkg.egg-info to /home/raphael/devel/tortello/install/tortello_pkg/lib/python3.8/site-packages/tortello_pkg-0.0.0-py3.8.egg-info
[1.831s] running install_scripts
[1.967s] Installing listener script to /home/raphael/devel/tortello/install/tortello_pkg/lib/tortello_pkg
[1.968s] Installing talker script to /home/raphael/devel/tortello/install/tortello_pkg/lib/tortello_pkg
[1.970s] writing list of installed files to '/home/raphael/devel/tortello/build/tortello_pkg/install.log'
