[0.060s] Invoking command in '/home/raphael/devel/tortello/build/turtlebot3_fake_node': CMAKE_PREFIX_PATH=${CMAKE_PREFIX_PATH}:/home/raphael/devel/tortello/install/tortello_pkg:/opt/ros/foxy COMP_WORDBREAKS=
"'><;|&(: IFS= PS1=(tortello_desktop) ${debian_chroot:+($debian_chroot)}\u@\h:\w\$ _OLD_VIRTUAL_PS1=${debian_chroot:+($debian_chroot)}\u@\h:\w\$ /usr/bin/cmake --build /home/raphael/devel/tortello/build/turtlebot3_fake_node -- -j4 -l4
[0.590s] [100%] Built target turtlebot3_fake_node
[0.598s] Invoked command in '/home/raphael/devel/tortello/build/turtlebot3_fake_node' returned '0': CMAKE_PREFIX_PATH=${CMAKE_PREFIX_PATH}:/home/raphael/devel/tortello/install/tortello_pkg:/opt/ros/foxy COMP_WORDBREAKS=
"'><;|&(: IFS= PS1=(tortello_desktop) ${debian_chroot:+($debian_chroot)}\u@\h:\w\$ _OLD_VIRTUAL_PS1=${debian_chroot:+($debian_chroot)}\u@\h:\w\$ /usr/bin/cmake --build /home/raphael/devel/tortello/build/turtlebot3_fake_node -- -j4 -l4
[0.684s] Invoking command in '/home/raphael/devel/tortello/build/turtlebot3_fake_node': CMAKE_PREFIX_PATH=${CMAKE_PREFIX_PATH}:/home/raphael/devel/tortello/install/tortello_pkg:/opt/ros/foxy COMP_WORDBREAKS=
"'><;|&(: IFS= PS1=(tortello_desktop) ${debian_chroot:+($debian_chroot)}\u@\h:\w\$ _OLD_VIRTUAL_PS1=${debian_chroot:+($debian_chroot)}\u@\h:\w\$ /usr/bin/cmake --install /home/raphael/devel/tortello/build/turtlebot3_fake_node
[0.790s] -- Install configuration: ""
[0.790s] -- Up-to-date: /home/raphael/devel/tortello/install/turtlebot3_fake_node/lib/turtlebot3_fake_node/turtlebot3_fake_node
[0.790s] -- Up-to-date: /home/raphael/devel/tortello/install/turtlebot3_fake_node/share/turtlebot3_fake_node/launch
[0.791s] -- Up-to-date: /home/raphael/devel/tortello/install/turtlebot3_fake_node/share/turtlebot3_fake_node/launch/rviz2.launch.py
[0.791s] -- Up-to-date: /home/raphael/devel/tortello/install/turtlebot3_fake_node/share/turtlebot3_fake_node/launch/turtlebot3_fake_node.launch.py
[0.791s] -- Up-to-date: /home/raphael/devel/tortello/install/turtlebot3_fake_node/share/turtlebot3_fake_node/param
[0.791s] -- Up-to-date: /home/raphael/devel/tortello/install/turtlebot3_fake_node/share/turtlebot3_fake_node/param/waffle_pi.yaml
[0.791s] -- Up-to-date: /home/raphael/devel/tortello/install/turtlebot3_fake_node/share/turtlebot3_fake_node/param/burger.yaml
[0.792s] -- Up-to-date: /home/raphael/devel/tortello/install/turtlebot3_fake_node/share/turtlebot3_fake_node/param/waffle.yaml
[0.792s] -- Up-to-date: /home/raphael/devel/tortello/install/turtlebot3_fake_node/share/turtlebot3_fake_node/rviz
[0.792s] -- Up-to-date: /home/raphael/devel/tortello/install/turtlebot3_fake_node/share/turtlebot3_fake_node/rviz/model.rviz
[0.792s] -- Up-to-date: /home/raphael/devel/tortello/install/turtlebot3_fake_node/include/
[0.793s] -- Up-to-date: /home/raphael/devel/tortello/install/turtlebot3_fake_node/include//turtlebot3_fake_node
[0.793s] -- Up-to-date: /home/raphael/devel/tortello/install/turtlebot3_fake_node/include//turtlebot3_fake_node/turtlebot3_fake_node.hpp
[0.797s] -- Up-to-date: /home/raphael/devel/tortello/install/turtlebot3_fake_node/share/ament_index/resource_index/package_run_dependencies/turtlebot3_fake_node
[0.798s] -- Up-to-date: /home/raphael/devel/tortello/install/turtlebot3_fake_node/share/ament_index/resource_index/parent_prefix_path/turtlebot3_fake_node
[0.799s] -- Up-to-date: /home/raphael/devel/tortello/install/turtlebot3_fake_node/share/turtlebot3_fake_node/environment/ament_prefix_path.sh
[0.799s] -- Up-to-date: /home/raphael/devel/tortello/install/turtlebot3_fake_node/share/turtlebot3_fake_node/environment/ament_prefix_path.dsv
[0.799s] -- Up-to-date: /home/raphael/devel/tortello/install/turtlebot3_fake_node/share/turtlebot3_fake_node/environment/path.sh
[0.800s] -- Up-to-date: /home/raphael/devel/tortello/install/turtlebot3_fake_node/share/turtlebot3_fake_node/environment/path.dsv
[0.800s] -- Up-to-date: /home/raphael/devel/tortello/install/turtlebot3_fake_node/share/turtlebot3_fake_node/local_setup.bash
[0.800s] -- Up-to-date: /home/raphael/devel/tortello/install/turtlebot3_fake_node/share/turtlebot3_fake_node/local_setup.sh
[0.800s] -- Up-to-date: /home/raphael/devel/tortello/install/turtlebot3_fake_node/share/turtlebot3_fake_node/local_setup.zsh
[0.801s] -- Up-to-date: /home/raphael/devel/tortello/install/turtlebot3_fake_node/share/turtlebot3_fake_node/local_setup.dsv
[0.801s] -- Installing: /home/raphael/devel/tortello/install/turtlebot3_fake_node/share/turtlebot3_fake_node/package.dsv
[0.801s] -- Up-to-date: /home/raphael/devel/tortello/install/turtlebot3_fake_node/share/ament_index/resource_index/packages/turtlebot3_fake_node
[0.801s] -- Up-to-date: /home/raphael/devel/tortello/install/turtlebot3_fake_node/share/turtlebot3_fake_node/cmake/ament_cmake_export_include_directories-extras.cmake
[0.802s] -- Up-to-date: /home/raphael/devel/tortello/install/turtlebot3_fake_node/share/turtlebot3_fake_node/cmake/ament_cmake_export_dependencies-extras.cmake
[0.802s] -- Up-to-date: /home/raphael/devel/tortello/install/turtlebot3_fake_node/share/turtlebot3_fake_node/cmake/turtlebot3_fake_nodeConfig.cmake
[0.806s] -- Up-to-date: /home/raphael/devel/tortello/install/turtlebot3_fake_node/share/turtlebot3_fake_node/cmake/turtlebot3_fake_nodeConfig-version.cmake
[0.808s] -- Up-to-date: /home/raphael/devel/tortello/install/turtlebot3_fake_node/share/turtlebot3_fake_node/package.xml
[0.823s] Invoked command in '/home/raphael/devel/tortello/build/turtlebot3_fake_node' returned '0': CMAKE_PREFIX_PATH=${CMAKE_PREFIX_PATH}:/home/raphael/devel/tortello/install/tortello_pkg:/opt/ros/foxy COMP_WORDBREAKS=
"'><;|&(: IFS= PS1=(tortello_desktop) ${debian_chroot:+($debian_chroot)}\u@\h:\w\$ _OLD_VIRTUAL_PS1=${debian_chroot:+($debian_chroot)}\u@\h:\w\$ /usr/bin/cmake --install /home/raphael/devel/tortello/build/turtlebot3_fake_node
