[0.406s] Invoking command in '/home/raphael/Documenti/Programming/tortello/src/tortello_pkg': COMP_WORDBREAKS=
"'><;|&(: PYTHONPATH=/home/raphael/Documenti/Programming/tortello/install/tortello_pkg/lib/python3.8/site-packages:${PYTHONPATH} /usr/bin/python3 setup.py egg_info --egg-base ../../build/tortello_pkg build --build-base /home/raphael/Documenti/Programming/tortello/build/tortello_pkg/build install --prefix /home/raphael/Documenti/Programming/tortello/install/tortello_pkg --record /home/raphael/Documenti/Programming/tortello/build/tortello_pkg/install.log --single-version-externally-managed
[0.746s] running egg_info
[0.747s] writing ../../build/tortello_pkg/tortello_pkg.egg-info/PKG-INFO
[0.748s] writing dependency_links to ../../build/tortello_pkg/tortello_pkg.egg-info/dependency_links.txt
[0.748s] writing entry points to ../../build/tortello_pkg/tortello_pkg.egg-info/entry_points.txt
[0.748s] writing requirements to ../../build/tortello_pkg/tortello_pkg.egg-info/requires.txt
[0.749s] writing top-level names to ../../build/tortello_pkg/tortello_pkg.egg-info/top_level.txt
[0.822s] reading manifest file '../../build/tortello_pkg/tortello_pkg.egg-info/SOURCES.txt'
[0.824s] writing manifest file '../../build/tortello_pkg/tortello_pkg.egg-info/SOURCES.txt'
[0.824s] running build
[0.825s] running build_py
[0.825s] running install
[0.827s] running install_lib
[0.831s] running install_data
[0.832s] running install_egg_info
[0.839s] removing '/home/raphael/Documenti/Programming/tortello/install/tortello_pkg/lib/python3.8/site-packages/tortello_pkg-0.0.0-py3.8.egg-info' (and everything under it)
[0.839s] Copying ../../build/tortello_pkg/tortello_pkg.egg-info to /home/raphael/Documenti/Programming/tortello/install/tortello_pkg/lib/python3.8/site-packages/tortello_pkg-0.0.0-py3.8.egg-info
[0.842s] running install_scripts
[0.911s] Installing listener script to /home/raphael/Documenti/Programming/tortello/install/tortello_pkg/lib/tortello_pkg
[0.911s] Installing talker script to /home/raphael/Documenti/Programming/tortello/install/tortello_pkg/lib/tortello_pkg
[0.912s] writing list of installed files to '/home/raphael/Documenti/Programming/tortello/build/tortello_pkg/install.log'
[0.956s] Invoked command in '/home/raphael/Documenti/Programming/tortello/src/tortello_pkg' returned '0': COMP_WORDBREAKS=
"'><;|&(: PYTHONPATH=/home/raphael/Documenti/Programming/tortello/install/tortello_pkg/lib/python3.8/site-packages:${PYTHONPATH} /usr/bin/python3 setup.py egg_info --egg-base ../../build/tortello_pkg build --build-base /home/raphael/Documenti/Programming/tortello/build/tortello_pkg/build install --prefix /home/raphael/Documenti/Programming/tortello/install/tortello_pkg --record /home/raphael/Documenti/Programming/tortello/build/tortello_pkg/install.log --single-version-externally-managed
