[0.070s] Invoking command in '/home/raphael/devel/tortello/build/turtlebot3_gazebo': CMAKE_PREFIX_PATH=${CMAKE_PREFIX_PATH}:/home/raphael/devel/tortello/install/tortello_pkg:/opt/ros/foxy COMP_WORDBREAKS=
"'><;|&(: IFS= PS1=(tortello_desktop) ${debian_chroot:+($debian_chroot)}\u@\h:\w\$ _OLD_VIRTUAL_PS1=${debian_chroot:+($debian_chroot)}\u@\h:\w\$ /usr/bin/cmake --build /home/raphael/devel/tortello/build/turtlebot3_gazebo -- -j4 -l4
[0.282s] [100%] Built target turtlebot3_drive
[0.585s] Invoked command in '/home/raphael/devel/tortello/build/turtlebot3_gazebo' returned '0': CMAKE_PREFIX_PATH=${CMAKE_PREFIX_PATH}:/home/raphael/devel/tortello/install/tortello_pkg:/opt/ros/foxy COMP_WORDBREAKS=
"'><;|&(: IFS= PS1=(tortello_desktop) ${debian_chroot:+($debian_chroot)}\u@\h:\w\$ _OLD_VIRTUAL_PS1=${debian_chroot:+($debian_chroot)}\u@\h:\w\$ /usr/bin/cmake --build /home/raphael/devel/tortello/build/turtlebot3_gazebo -- -j4 -l4
[0.665s] Invoking command in '/home/raphael/devel/tortello/build/turtlebot3_gazebo': CMAKE_PREFIX_PATH=${CMAKE_PREFIX_PATH}:/home/raphael/devel/tortello/install/tortello_pkg:/opt/ros/foxy COMP_WORDBREAKS=
"'><;|&(: IFS= PS1=(tortello_desktop) ${debian_chroot:+($debian_chroot)}\u@\h:\w\$ _OLD_VIRTUAL_PS1=${debian_chroot:+($debian_chroot)}\u@\h:\w\$ /usr/bin/cmake --install /home/raphael/devel/tortello/build/turtlebot3_gazebo
[0.693s] -- Install configuration: ""
[0.695s] -- Up-to-date: /home/raphael/devel/tortello/install/turtlebot3_gazebo/lib/turtlebot3_gazebo/turtlebot3_drive
[0.695s] -- Up-to-date: /home/raphael/devel/tortello/install/turtlebot3_gazebo/share/turtlebot3_gazebo//launch
[0.696s] -- Up-to-date: /home/raphael/devel/tortello/install/turtlebot3_gazebo/share/turtlebot3_gazebo//launch/turtlebot3_dqn_stage3.launch.py
[0.696s] -- Up-to-date: /home/raphael/devel/tortello/install/turtlebot3_gazebo/share/turtlebot3_gazebo//launch/empty_world.launch.py
[0.697s] -- Up-to-date: /home/raphael/devel/tortello/install/turtlebot3_gazebo/share/turtlebot3_gazebo//launch/turtlebot3_autorace.launch.py
[0.698s] -- Up-to-date: /home/raphael/devel/tortello/install/turtlebot3_gazebo/share/turtlebot3_gazebo//launch/turtlebot3_house.launch.py
[0.698s] -- Up-to-date: /home/raphael/devel/tortello/install/turtlebot3_gazebo/share/turtlebot3_gazebo//launch/turtlebot3_world.launch.py
[0.699s] -- Up-to-date: /home/raphael/devel/tortello/install/turtlebot3_gazebo/share/turtlebot3_gazebo//launch/turtlebot3_dqn_stage4.launch.py
[0.699s] -- Up-to-date: /home/raphael/devel/tortello/install/turtlebot3_gazebo/share/turtlebot3_gazebo//launch/robot_state_publisher.launch.py
[0.699s] -- Up-to-date: /home/raphael/devel/tortello/install/turtlebot3_gazebo/share/turtlebot3_gazebo//launch/turtlebot3_dqn_stage1.launch.py
[0.700s] -- Up-to-date: /home/raphael/devel/tortello/install/turtlebot3_gazebo/share/turtlebot3_gazebo//launch/turtlebot3_dqn_stage2.launch.py
[0.700s] -- Up-to-date: /home/raphael/devel/tortello/install/turtlebot3_gazebo/share/turtlebot3_gazebo//models
[0.701s] -- Up-to-date: /home/raphael/devel/tortello/install/turtlebot3_gazebo/share/turtlebot3_gazebo//models/turtlebot3_waffle_pi
[0.702s] -- Up-to-date: /home/raphael/devel/tortello/install/turtlebot3_gazebo/share/turtlebot3_gazebo//models/turtlebot3_waffle_pi/model-1_4.sdf
[0.702s] -- Up-to-date: /home/raphael/devel/tortello/install/turtlebot3_gazebo/share/turtlebot3_gazebo//models/turtlebot3_waffle_pi/meshes
[0.702s] -- Up-to-date: /home/raphael/devel/tortello/install/turtlebot3_gazebo/share/turtlebot3_gazebo//models/turtlebot3_waffle_pi/meshes/tire.dae
[0.703s] -- Up-to-date: /home/raphael/devel/tortello/install/turtlebot3_gazebo/share/turtlebot3_gazebo//models/turtlebot3_waffle_pi/meshes/lds.dae
[0.703s] -- Up-to-date: /home/raphael/devel/tortello/install/turtlebot3_gazebo/share/turtlebot3_gazebo//models/turtlebot3_waffle_pi/meshes/waffle_pi_base.dae
[0.704s] -- Up-to-date: /home/raphael/devel/tortello/install/turtlebot3_gazebo/share/turtlebot3_gazebo//models/turtlebot3_waffle_pi/model.sdf
[0.704s] -- Up-to-date: /home/raphael/devel/tortello/install/turtlebot3_gazebo/share/turtlebot3_gazebo//models/turtlebot3_waffle_pi/model.config
[0.705s] -- Up-to-date: /home/raphael/devel/tortello/install/turtlebot3_gazebo/share/turtlebot3_gazebo//models/turtlebot3_dqn_world
[0.705s] -- Up-to-date: /home/raphael/devel/tortello/install/turtlebot3_gazebo/share/turtlebot3_gazebo//models/turtlebot3_dqn_world/obstacle1
[0.705s] -- Up-to-date: /home/raphael/devel/tortello/install/turtlebot3_gazebo/share/turtlebot3_gazebo//models/turtlebot3_dqn_world/obstacle1/model.sdf
[0.705s] -- Up-to-date: /home/raphael/devel/tortello/install/turtlebot3_gazebo/share/turtlebot3_gazebo//models/turtlebot3_dqn_world/obstacle1/model.config
[0.706s] -- Up-to-date: /home/raphael/devel/tortello/install/turtlebot3_gazebo/share/turtlebot3_gazebo//models/turtlebot3_dqn_world/obstacle_plugin
[0.706s] -- Up-to-date: /home/raphael/devel/tortello/install/turtlebot3_gazebo/share/turtlebot3_gazebo//models/turtlebot3_dqn_world/obstacle_plugin/obstacle2.cc
[0.706s] -- Up-to-date: /home/raphael/devel/tortello/install/turtlebot3_gazebo/share/turtlebot3_gazebo//models/turtlebot3_dqn_world/obstacle_plugin/CMakeLists.txt
[0.706s] -- Up-to-date: /home/raphael/devel/tortello/install/turtlebot3_gazebo/share/turtlebot3_gazebo//models/turtlebot3_dqn_world/obstacle_plugin/build
[0.707s] -- Up-to-date: /home/raphael/devel/tortello/install/turtlebot3_gazebo/share/turtlebot3_gazebo//models/turtlebot3_dqn_world/obstacle_plugin/build/libobstacle1.so
[0.707s] -- Up-to-date: /home/raphael/devel/tortello/install/turtlebot3_gazebo/share/turtlebot3_gazebo//models/turtlebot3_dqn_world/obstacle_plugin/build/libobstacle2.so
[0.707s] -- Up-to-date: /home/raphael/devel/tortello/install/turtlebot3_gazebo/share/turtlebot3_gazebo//models/turtlebot3_dqn_world/obstacle_plugin/build/libobstacles.so
[0.708s] -- Up-to-date: /home/raphael/devel/tortello/install/turtlebot3_gazebo/share/turtlebot3_gazebo//models/turtlebot3_dqn_world/obstacle_plugin/obstacle1.cc
[0.708s] -- Up-to-date: /home/raphael/devel/tortello/install/turtlebot3_gazebo/share/turtlebot3_gazebo//models/turtlebot3_dqn_world/obstacle_plugin/obstacles.cc
[0.708s] -- Up-to-date: /home/raphael/devel/tortello/install/turtlebot3_gazebo/share/turtlebot3_gazebo//models/turtlebot3_dqn_world/obstacle2
[0.709s] -- Up-to-date: /home/raphael/devel/tortello/install/turtlebot3_gazebo/share/turtlebot3_gazebo//models/turtlebot3_dqn_world/obstacle2/model.sdf
[0.709s] -- Up-to-date: /home/raphael/devel/tortello/install/turtlebot3_gazebo/share/turtlebot3_gazebo//models/turtlebot3_dqn_world/obstacle2/model.config
[0.709s] -- Up-to-date: /home/raphael/devel/tortello/install/turtlebot3_gazebo/share/turtlebot3_gazebo//models/turtlebot3_dqn_world/model.sdf
[0.710s] -- Up-to-date: /home/raphael/devel/tortello/install/turtlebot3_gazebo/share/turtlebot3_gazebo//models/turtlebot3_dqn_world/goal_box
[0.711s] -- Up-to-date: /home/raphael/devel/tortello/install/turtlebot3_gazebo/share/turtlebot3_gazebo//models/turtlebot3_dqn_world/goal_box/model.sdf
[0.711s] -- Up-to-date: /home/raphael/devel/tortello/install/turtlebot3_gazebo/share/turtlebot3_gazebo//models/turtlebot3_dqn_world/goal_box/model.config
[0.712s] -- Up-to-date: /home/raphael/devel/tortello/install/turtlebot3_gazebo/share/turtlebot3_gazebo//models/turtlebot3_dqn_world/inner_walls
[0.713s] -- Up-to-date: /home/raphael/devel/tortello/install/turtlebot3_gazebo/share/turtlebot3_gazebo//models/turtlebot3_dqn_world/inner_walls/model.sdf
[0.713s] -- Up-to-date: /home/raphael/devel/tortello/install/turtlebot3_gazebo/share/turtlebot3_gazebo//models/turtlebot3_dqn_world/inner_walls/model.config
[0.713s] -- Up-to-date: /home/raphael/devel/tortello/install/turtlebot3_gazebo/share/turtlebot3_gazebo//models/turtlebot3_dqn_world/model.config
[0.714s] -- Up-to-date: /home/raphael/devel/tortello/install/turtlebot3_gazebo/share/turtlebot3_gazebo//models/turtlebot3_dqn_world/obstacles
[0.714s] -- Up-to-date: /home/raphael/devel/tortello/install/turtlebot3_gazebo/share/turtlebot3_gazebo//models/turtlebot3_dqn_world/obstacles/model.sdf
[0.714s] -- Up-to-date: /home/raphael/devel/tortello/install/turtlebot3_gazebo/share/turtlebot3_gazebo//models/turtlebot3_dqn_world/obstacles/model.config
[0.715s] -- Up-to-date: /home/raphael/devel/tortello/install/turtlebot3_gazebo/share/turtlebot3_gazebo//models/turtlebot3_waffle
[0.715s] -- Up-to-date: /home/raphael/devel/tortello/install/turtlebot3_gazebo/share/turtlebot3_gazebo//models/turtlebot3_waffle/model-1_4.sdf
[0.716s] -- Up-to-date: /home/raphael/devel/tortello/install/turtlebot3_gazebo/share/turtlebot3_gazebo//models/turtlebot3_waffle/meshes
[0.716s] -- Up-to-date: /home/raphael/devel/tortello/install/turtlebot3_gazebo/share/turtlebot3_gazebo//models/turtlebot3_waffle/meshes/waffle_base.dae
[0.716s] -- Up-to-date: /home/raphael/devel/tortello/install/turtlebot3_gazebo/share/turtlebot3_gazebo//models/turtlebot3_waffle/meshes/tire.dae
[0.716s] -- Up-to-date: /home/raphael/devel/tortello/install/turtlebot3_gazebo/share/turtlebot3_gazebo//models/turtlebot3_waffle/meshes/r200.dae
[0.716s] -- Up-to-date: /home/raphael/devel/tortello/install/turtlebot3_gazebo/share/turtlebot3_gazebo//models/turtlebot3_waffle/meshes/lds.dae
[0.717s] -- Up-to-date: /home/raphael/devel/tortello/install/turtlebot3_gazebo/share/turtlebot3_gazebo//models/turtlebot3_waffle/model.sdf
[0.717s] -- Up-to-date: /home/raphael/devel/tortello/install/turtlebot3_gazebo/share/turtlebot3_gazebo//models/turtlebot3_waffle/model.config
[0.717s] -- Up-to-date: /home/raphael/devel/tortello/install/turtlebot3_gazebo/share/turtlebot3_gazebo//models/turtlebot3_burger
[0.717s] -- Up-to-date: /home/raphael/devel/tortello/install/turtlebot3_gazebo/share/turtlebot3_gazebo//models/turtlebot3_burger/model-1_4.sdf
[0.717s] -- Up-to-date: /home/raphael/devel/tortello/install/turtlebot3_gazebo/share/turtlebot3_gazebo//models/turtlebot3_burger/meshes
[0.718s] -- Up-to-date: /home/raphael/devel/tortello/install/turtlebot3_gazebo/share/turtlebot3_gazebo//models/turtlebot3_burger/meshes/burger_base.dae
[0.718s] -- Up-to-date: /home/raphael/devel/tortello/install/turtlebot3_gazebo/share/turtlebot3_gazebo//models/turtlebot3_burger/meshes/tire.dae
[0.718s] -- Up-to-date: /home/raphael/devel/tortello/install/turtlebot3_gazebo/share/turtlebot3_gazebo//models/turtlebot3_burger/meshes/lds.dae
[0.718s] -- Up-to-date: /home/raphael/devel/tortello/install/turtlebot3_gazebo/share/turtlebot3_gazebo//models/turtlebot3_burger/model.sdf
[0.719s] -- Up-to-date: /home/raphael/devel/tortello/install/turtlebot3_gazebo/share/turtlebot3_gazebo//models/turtlebot3_burger/model.config
[0.719s] -- Up-to-date: /home/raphael/devel/tortello/install/turtlebot3_gazebo/share/turtlebot3_gazebo//models/turtlebot3_house
[0.719s] -- Up-to-date: /home/raphael/devel/tortello/install/turtlebot3_gazebo/share/turtlebot3_gazebo//models/turtlebot3_house/model.sdf
[0.719s] -- Up-to-date: /home/raphael/devel/tortello/install/turtlebot3_gazebo/share/turtlebot3_gazebo//models/turtlebot3_house/model.config
[0.721s] -- Up-to-date: /home/raphael/devel/tortello/install/turtlebot3_gazebo/share/turtlebot3_gazebo//models/turtlebot3_autorace
[0.721s] -- Up-to-date: /home/raphael/devel/tortello/install/turtlebot3_gazebo/share/turtlebot3_gazebo//models/turtlebot3_autorace/tunnel_obstacles
[0.721s] -- Up-to-date: /home/raphael/devel/tortello/install/turtlebot3_gazebo/share/turtlebot3_gazebo//models/turtlebot3_autorace/tunnel_obstacles/model.sdf
[0.722s] -- Up-to-date: /home/raphael/devel/tortello/install/turtlebot3_gazebo/share/turtlebot3_gazebo//models/turtlebot3_autorace/tunnel_obstacles/model.config
[0.722s] -- Up-to-date: /home/raphael/devel/tortello/install/turtlebot3_gazebo/share/turtlebot3_gazebo//models/turtlebot3_autorace/traffic_light_green
[0.723s] -- Up-to-date: /home/raphael/devel/tortello/install/turtlebot3_gazebo/share/turtlebot3_gazebo//models/turtlebot3_autorace/traffic_light_green/model.sdf
[0.723s] -- Up-to-date: /home/raphael/devel/tortello/install/turtlebot3_gazebo/share/turtlebot3_gazebo//models/turtlebot3_autorace/traffic_light_green/model.config
[0.724s] -- Up-to-date: /home/raphael/devel/tortello/install/turtlebot3_gazebo/share/turtlebot3_gazebo//models/turtlebot3_autorace/traffic_bar_down
[0.724s] -- Up-to-date: /home/raphael/devel/tortello/install/turtlebot3_gazebo/share/turtlebot3_gazebo//models/turtlebot3_autorace/traffic_bar_down/materials
[0.724s] -- Up-to-date: /home/raphael/devel/tortello/install/turtlebot3_gazebo/share/turtlebot3_gazebo//models/turtlebot3_autorace/traffic_bar_down/materials/scripts
[0.724s] -- Up-to-date: /home/raphael/devel/tortello/install/turtlebot3_gazebo/share/turtlebot3_gazebo//models/turtlebot3_autorace/traffic_bar_down/materials/scripts/traffic_bar.material
[0.725s] -- Up-to-date: /home/raphael/devel/tortello/install/turtlebot3_gazebo/share/turtlebot3_gazebo//models/turtlebot3_autorace/traffic_bar_down/materials/textures
[0.725s] -- Up-to-date: /home/raphael/devel/tortello/install/turtlebot3_gazebo/share/turtlebot3_gazebo//models/turtlebot3_autorace/traffic_bar_down/materials/textures/traffic_bar.png
[0.726s] -- Up-to-date: /home/raphael/devel/tortello/install/turtlebot3_gazebo/share/turtlebot3_gazebo//models/turtlebot3_autorace/traffic_bar_down/model.sdf
[0.726s] -- Up-to-date: /home/raphael/devel/tortello/install/turtlebot3_gazebo/share/turtlebot3_gazebo//models/turtlebot3_autorace/traffic_bar_down/model.config
[0.726s] -- Up-to-date: /home/raphael/devel/tortello/install/turtlebot3_gazebo/share/turtlebot3_gazebo//models/turtlebot3_autorace/course
[0.726s] -- Up-to-date: /home/raphael/devel/tortello/install/turtlebot3_gazebo/share/turtlebot3_gazebo//models/turtlebot3_autorace/course/materials
[0.727s] -- Up-to-date: /home/raphael/devel/tortello/install/turtlebot3_gazebo/share/turtlebot3_gazebo//models/turtlebot3_autorace/course/materials/scripts
[0.727s] -- Up-to-date: /home/raphael/devel/tortello/install/turtlebot3_gazebo/share/turtlebot3_gazebo//models/turtlebot3_autorace/course/materials/scripts/course.material
[0.727s] -- Up-to-date: /home/raphael/devel/tortello/install/turtlebot3_gazebo/share/turtlebot3_gazebo//models/turtlebot3_autorace/course/materials/textures
[0.728s] -- Up-to-date: /home/raphael/devel/tortello/install/turtlebot3_gazebo/share/turtlebot3_gazebo//models/turtlebot3_autorace/course/materials/textures/course.png
[0.728s] -- Up-to-date: /home/raphael/devel/tortello/install/turtlebot3_gazebo/share/turtlebot3_gazebo//models/turtlebot3_autorace/course/model.sdf
[0.728s] -- Up-to-date: /home/raphael/devel/tortello/install/turtlebot3_gazebo/share/turtlebot3_gazebo//models/turtlebot3_autorace/course/model.config
[0.728s] -- Up-to-date: /home/raphael/devel/tortello/install/turtlebot3_gazebo/share/turtlebot3_gazebo//models/turtlebot3_autorace/traffic_tunnel
[0.728s] -- Up-to-date: /home/raphael/devel/tortello/install/turtlebot3_gazebo/share/turtlebot3_gazebo//models/turtlebot3_autorace/traffic_tunnel/materials
[0.729s] -- Up-to-date: /home/raphael/devel/tortello/install/turtlebot3_gazebo/share/turtlebot3_gazebo//models/turtlebot3_autorace/traffic_tunnel/materials/scripts
[0.729s] -- Up-to-date: /home/raphael/devel/tortello/install/turtlebot3_gazebo/share/turtlebot3_gazebo//models/turtlebot3_autorace/traffic_tunnel/materials/scripts/tunnel.material
[0.729s] -- Up-to-date: /home/raphael/devel/tortello/install/turtlebot3_gazebo/share/turtlebot3_gazebo//models/turtlebot3_autorace/traffic_tunnel/materials/textures
[0.729s] -- Up-to-date: /home/raphael/devel/tortello/install/turtlebot3_gazebo/share/turtlebot3_gazebo//models/turtlebot3_autorace/traffic_tunnel/materials/textures/tunnel.png
[0.729s] -- Up-to-date: /home/raphael/devel/tortello/install/turtlebot3_gazebo/share/turtlebot3_gazebo//models/turtlebot3_autorace/traffic_tunnel/model.sdf
[0.730s] -- Up-to-date: /home/raphael/devel/tortello/install/turtlebot3_gazebo/share/turtlebot3_gazebo//models/turtlebot3_autorace/traffic_tunnel/model.config
[0.730s] -- Up-to-date: /home/raphael/devel/tortello/install/turtlebot3_gazebo/share/turtlebot3_gazebo//models/turtlebot3_autorace/traffic_light_red
[0.730s] -- Up-to-date: /home/raphael/devel/tortello/install/turtlebot3_gazebo/share/turtlebot3_gazebo//models/turtlebot3_autorace/traffic_light_red/model.sdf
[0.731s] -- Up-to-date: /home/raphael/devel/tortello/install/turtlebot3_gazebo/share/turtlebot3_gazebo//models/turtlebot3_autorace/traffic_light_red/model.config
[0.731s] -- Up-to-date: /home/raphael/devel/tortello/install/turtlebot3_gazebo/share/turtlebot3_gazebo//models/turtlebot3_autorace/traffic_parking
[0.732s] -- Up-to-date: /home/raphael/devel/tortello/install/turtlebot3_gazebo/share/turtlebot3_gazebo//models/turtlebot3_autorace/traffic_parking/materials
[0.733s] -- Up-to-date: /home/raphael/devel/tortello/install/turtlebot3_gazebo/share/turtlebot3_gazebo//models/turtlebot3_autorace/traffic_parking/materials/scripts
[0.733s] -- Up-to-date: /home/raphael/devel/tortello/install/turtlebot3_gazebo/share/turtlebot3_gazebo//models/turtlebot3_autorace/traffic_parking/materials/scripts/traffic_parking.material
[0.735s] -- Up-to-date: /home/raphael/devel/tortello/install/turtlebot3_gazebo/share/turtlebot3_gazebo//models/turtlebot3_autorace/traffic_parking/materials/textures
[0.735s] -- Up-to-date: /home/raphael/devel/tortello/install/turtlebot3_gazebo/share/turtlebot3_gazebo//models/turtlebot3_autorace/traffic_parking/materials/textures/traffic_parking.png
[0.736s] -- Up-to-date: /home/raphael/devel/tortello/install/turtlebot3_gazebo/share/turtlebot3_gazebo//models/turtlebot3_autorace/traffic_parking/model.sdf
[0.738s] -- Up-to-date: /home/raphael/devel/tortello/install/turtlebot3_gazebo/share/turtlebot3_gazebo//models/turtlebot3_autorace/traffic_parking/model.config
[0.740s] -- Up-to-date: /home/raphael/devel/tortello/install/turtlebot3_gazebo/share/turtlebot3_gazebo//models/turtlebot3_autorace/traffic_stop
[0.741s] -- Up-to-date: /home/raphael/devel/tortello/install/turtlebot3_gazebo/share/turtlebot3_gazebo//models/turtlebot3_autorace/traffic_stop/materials
[0.741s] -- Up-to-date: /home/raphael/devel/tortello/install/turtlebot3_gazebo/share/turtlebot3_gazebo//models/turtlebot3_autorace/traffic_stop/materials/scripts
[0.742s] -- Up-to-date: /home/raphael/devel/tortello/install/turtlebot3_gazebo/share/turtlebot3_gazebo//models/turtlebot3_autorace/traffic_stop/materials/scripts/traffic_stop.material
[0.742s] -- Up-to-date: /home/raphael/devel/tortello/install/turtlebot3_gazebo/share/turtlebot3_gazebo//models/turtlebot3_autorace/traffic_stop/materials/textures
[0.742s] -- Up-to-date: /home/raphael/devel/tortello/install/turtlebot3_gazebo/share/turtlebot3_gazebo//models/turtlebot3_autorace/traffic_stop/materials/textures/traffic_stop.png
[0.742s] -- Up-to-date: /home/raphael/devel/tortello/install/turtlebot3_gazebo/share/turtlebot3_gazebo//models/turtlebot3_autorace/traffic_stop/model.sdf
[0.743s] -- Up-to-date: /home/raphael/devel/tortello/install/turtlebot3_gazebo/share/turtlebot3_gazebo//models/turtlebot3_autorace/traffic_stop/model.config
[0.743s] -- Up-to-date: /home/raphael/devel/tortello/install/turtlebot3_gazebo/share/turtlebot3_gazebo//models/turtlebot3_autorace/traffic_light_yellow
[0.743s] -- Up-to-date: /home/raphael/devel/tortello/install/turtlebot3_gazebo/share/turtlebot3_gazebo//models/turtlebot3_autorace/traffic_light_yellow/model.sdf
[0.743s] -- Up-to-date: /home/raphael/devel/tortello/install/turtlebot3_gazebo/share/turtlebot3_gazebo//models/turtlebot3_autorace/traffic_light_yellow/model.config
[0.744s] -- Up-to-date: /home/raphael/devel/tortello/install/turtlebot3_gazebo/share/turtlebot3_gazebo//models/turtlebot3_autorace/model.config
[0.744s] -- Up-to-date: /home/raphael/devel/tortello/install/turtlebot3_gazebo/share/turtlebot3_gazebo//models/turtlebot3_autorace/traffic_bar_up
[0.744s] -- Up-to-date: /home/raphael/devel/tortello/install/turtlebot3_gazebo/share/turtlebot3_gazebo//models/turtlebot3_autorace/traffic_bar_up/materials
[0.744s] -- Up-to-date: /home/raphael/devel/tortello/install/turtlebot3_gazebo/share/turtlebot3_gazebo//models/turtlebot3_autorace/traffic_bar_up/materials/scripts
[0.745s] -- Up-to-date: /home/raphael/devel/tortello/install/turtlebot3_gazebo/share/turtlebot3_gazebo//models/turtlebot3_autorace/traffic_bar_up/materials/scripts/traffic_bar.material
[0.745s] -- Up-to-date: /home/raphael/devel/tortello/install/turtlebot3_gazebo/share/turtlebot3_gazebo//models/turtlebot3_autorace/traffic_bar_up/materials/textures
[0.745s] -- Up-to-date: /home/raphael/devel/tortello/install/turtlebot3_gazebo/share/turtlebot3_gazebo//models/turtlebot3_autorace/traffic_bar_up/materials/textures/traffic_bar.png
[0.745s] -- Up-to-date: /home/raphael/devel/tortello/install/turtlebot3_gazebo/share/turtlebot3_gazebo//models/turtlebot3_autorace/traffic_bar_up/model.sdf
[0.746s] -- Up-to-date: /home/raphael/devel/tortello/install/turtlebot3_gazebo/share/turtlebot3_gazebo//models/turtlebot3_autorace/traffic_bar_up/model.config
[0.746s] -- Up-to-date: /home/raphael/devel/tortello/install/turtlebot3_gazebo/share/turtlebot3_gazebo//models/turtlebot3_autorace/tunnel_wall
[0.746s] -- Up-to-date: /home/raphael/devel/tortello/install/turtlebot3_gazebo/share/turtlebot3_gazebo//models/turtlebot3_autorace/tunnel_wall/model.sdf
[0.747s] -- Up-to-date: /home/raphael/devel/tortello/install/turtlebot3_gazebo/share/turtlebot3_gazebo//models/turtlebot3_autorace/tunnel_wall/model.config
[0.747s] -- Up-to-date: /home/raphael/devel/tortello/install/turtlebot3_gazebo/share/turtlebot3_gazebo//models/turtlebot3_autorace/lights
[0.747s] -- Up-to-date: /home/raphael/devel/tortello/install/turtlebot3_gazebo/share/turtlebot3_gazebo//models/turtlebot3_autorace/lights/model.sdf
[0.747s] -- Up-to-date: /home/raphael/devel/tortello/install/turtlebot3_gazebo/share/turtlebot3_gazebo//models/turtlebot3_autorace/lights/model.config
[0.747s] -- Up-to-date: /home/raphael/devel/tortello/install/turtlebot3_gazebo/share/turtlebot3_gazebo//models/turtlebot3_autorace/ground
[0.748s] -- Up-to-date: /home/raphael/devel/tortello/install/turtlebot3_gazebo/share/turtlebot3_gazebo//models/turtlebot3_autorace/ground/model.sdf
[0.748s] -- Up-to-date: /home/raphael/devel/tortello/install/turtlebot3_gazebo/share/turtlebot3_gazebo//models/turtlebot3_autorace/ground/model.config
[0.748s] -- Up-to-date: /home/raphael/devel/tortello/install/turtlebot3_gazebo/share/turtlebot3_gazebo//models/turtlebot3_world
[0.748s] -- Up-to-date: /home/raphael/devel/tortello/install/turtlebot3_gazebo/share/turtlebot3_gazebo//models/turtlebot3_world/model-1_4.sdf
[0.748s] -- Up-to-date: /home/raphael/devel/tortello/install/turtlebot3_gazebo/share/turtlebot3_gazebo//models/turtlebot3_world/meshes
[0.748s] -- Up-to-date: /home/raphael/devel/tortello/install/turtlebot3_gazebo/share/turtlebot3_gazebo//models/turtlebot3_world/meshes/wall.dae
[0.749s] -- Up-to-date: /home/raphael/devel/tortello/install/turtlebot3_gazebo/share/turtlebot3_gazebo//models/turtlebot3_world/meshes/hexagon.dae
[0.749s] -- Up-to-date: /home/raphael/devel/tortello/install/turtlebot3_gazebo/share/turtlebot3_gazebo//models/turtlebot3_world/model.sdf
[0.749s] -- Up-to-date: /home/raphael/devel/tortello/install/turtlebot3_gazebo/share/turtlebot3_gazebo//models/turtlebot3_world/model.config
[0.750s] -- Up-to-date: /home/raphael/devel/tortello/install/turtlebot3_gazebo/share/turtlebot3_gazebo//rviz
[0.750s] -- Up-to-date: /home/raphael/devel/tortello/install/turtlebot3_gazebo/share/turtlebot3_gazebo//rviz/tb3_gazebo.rviz
[0.751s] -- Up-to-date: /home/raphael/devel/tortello/install/turtlebot3_gazebo/share/turtlebot3_gazebo//worlds
[0.751s] -- Up-to-date: /home/raphael/devel/tortello/install/turtlebot3_gazebo/share/turtlebot3_gazebo//worlds/turtlebot3_worlds
[0.751s] -- Up-to-date: /home/raphael/devel/tortello/install/turtlebot3_gazebo/share/turtlebot3_gazebo//worlds/turtlebot3_worlds/waffle.model
[0.751s] -- Up-to-date: /home/raphael/devel/tortello/install/turtlebot3_gazebo/share/turtlebot3_gazebo//worlds/turtlebot3_worlds/waffle_pi.model
[0.751s] -- Up-to-date: /home/raphael/devel/tortello/install/turtlebot3_gazebo/share/turtlebot3_gazebo//worlds/turtlebot3_worlds/burger.model
[0.752s] -- Up-to-date: /home/raphael/devel/tortello/install/turtlebot3_gazebo/share/turtlebot3_gazebo//worlds/turtlebot3_dqn_stage4
[0.752s] -- Up-to-date: /home/raphael/devel/tortello/install/turtlebot3_gazebo/share/turtlebot3_gazebo//worlds/turtlebot3_dqn_stage4/waffle.model
[0.752s] -- Up-to-date: /home/raphael/devel/tortello/install/turtlebot3_gazebo/share/turtlebot3_gazebo//worlds/turtlebot3_dqn_stage4/waffle_pi.model
[0.752s] -- Up-to-date: /home/raphael/devel/tortello/install/turtlebot3_gazebo/share/turtlebot3_gazebo//worlds/turtlebot3_dqn_stage4/burger.model
[0.753s] -- Up-to-date: /home/raphael/devel/tortello/install/turtlebot3_gazebo/share/turtlebot3_gazebo//worlds/turtlebot3_dqn_stage1
[0.753s] -- Up-to-date: /home/raphael/devel/tortello/install/turtlebot3_gazebo/share/turtlebot3_gazebo//worlds/turtlebot3_dqn_stage1/waffle.model
[0.753s] -- Up-to-date: /home/raphael/devel/tortello/install/turtlebot3_gazebo/share/turtlebot3_gazebo//worlds/turtlebot3_dqn_stage1/waffle_pi.model
[0.753s] -- Up-to-date: /home/raphael/devel/tortello/install/turtlebot3_gazebo/share/turtlebot3_gazebo//worlds/turtlebot3_dqn_stage1/burger.model
[0.754s] -- Up-to-date: /home/raphael/devel/tortello/install/turtlebot3_gazebo/share/turtlebot3_gazebo//worlds/empty_worlds
[0.754s] -- Up-to-date: /home/raphael/devel/tortello/install/turtlebot3_gazebo/share/turtlebot3_gazebo//worlds/empty_worlds/waffle.model
[0.755s] -- Up-to-date: /home/raphael/devel/tortello/install/turtlebot3_gazebo/share/turtlebot3_gazebo//worlds/empty_worlds/waffle_pi.model
[0.756s] -- Up-to-date: /home/raphael/devel/tortello/install/turtlebot3_gazebo/share/turtlebot3_gazebo//worlds/empty_worlds/burger.model
[0.756s] -- Up-to-date: /home/raphael/devel/tortello/install/turtlebot3_gazebo/share/turtlebot3_gazebo//worlds/turtlebot3_autoraces
[0.756s] -- Up-to-date: /home/raphael/devel/tortello/install/turtlebot3_gazebo/share/turtlebot3_gazebo//worlds/turtlebot3_autoraces/waffle.model
[0.757s] -- Up-to-date: /home/raphael/devel/tortello/install/turtlebot3_gazebo/share/turtlebot3_gazebo//worlds/turtlebot3_autoraces/waffle_pi.model
[0.758s] -- Up-to-date: /home/raphael/devel/tortello/install/turtlebot3_gazebo/share/turtlebot3_gazebo//worlds/turtlebot3_autoraces/burger.model
[0.762s] -- Up-to-date: /home/raphael/devel/tortello/install/turtlebot3_gazebo/share/turtlebot3_gazebo//worlds/turtlebot3_dqn_stage3
[0.768s] -- Up-to-date: /home/raphael/devel/tortello/install/turtlebot3_gazebo/share/turtlebot3_gazebo//worlds/turtlebot3_dqn_stage3/waffle.model
[0.768s] -- Up-to-date: /home/raphael/devel/tortello/install/turtlebot3_gazebo/share/turtlebot3_gazebo//worlds/turtlebot3_dqn_stage3/waffle_pi.model
[0.768s] -- Up-to-date: /home/raphael/devel/tortello/install/turtlebot3_gazebo/share/turtlebot3_gazebo//worlds/turtlebot3_dqn_stage3/burger.model
[0.769s] -- Up-to-date: /home/raphael/devel/tortello/install/turtlebot3_gazebo/share/turtlebot3_gazebo//worlds/turtlebot3_houses
[0.769s] -- Up-to-date: /home/raphael/devel/tortello/install/turtlebot3_gazebo/share/turtlebot3_gazebo//worlds/turtlebot3_houses/waffle.model
[0.769s] -- Up-to-date: /home/raphael/devel/tortello/install/turtlebot3_gazebo/share/turtlebot3_gazebo//worlds/turtlebot3_houses/waffle_pi.model
[0.769s] -- Up-to-date: /home/raphael/devel/tortello/install/turtlebot3_gazebo/share/turtlebot3_gazebo//worlds/turtlebot3_houses/burger.model
[0.769s] -- Up-to-date: /home/raphael/devel/tortello/install/turtlebot3_gazebo/share/turtlebot3_gazebo//worlds/turtlebot3_dqn_stage2
[0.770s] -- Up-to-date: /home/raphael/devel/tortello/install/turtlebot3_gazebo/share/turtlebot3_gazebo//worlds/turtlebot3_dqn_stage2/waffle.model
[0.770s] -- Up-to-date: /home/raphael/devel/tortello/install/turtlebot3_gazebo/share/turtlebot3_gazebo//worlds/turtlebot3_dqn_stage2/waffle_pi.model
[0.779s] -- Up-to-date: /home/raphael/devel/tortello/install/turtlebot3_gazebo/share/turtlebot3_gazebo//worlds/turtlebot3_dqn_stage2/burger.model
[0.780s] -- Up-to-date: /home/raphael/devel/tortello/install/turtlebot3_gazebo/include/
[0.781s] -- Up-to-date: /home/raphael/devel/tortello/install/turtlebot3_gazebo/include//turtlebot3_gazebo
[0.781s] -- Up-to-date: /home/raphael/devel/tortello/install/turtlebot3_gazebo/include//turtlebot3_gazebo/turtlebot3_drive.hpp
[0.782s] -- Up-to-date: /home/raphael/devel/tortello/install/turtlebot3_gazebo/share/ament_index/resource_index/package_run_dependencies/turtlebot3_gazebo
[0.782s] -- Up-to-date: /home/raphael/devel/tortello/install/turtlebot3_gazebo/share/ament_index/resource_index/parent_prefix_path/turtlebot3_gazebo
[0.782s] -- Up-to-date: /home/raphael/devel/tortello/install/turtlebot3_gazebo/share/turtlebot3_gazebo/environment/ament_prefix_path.sh
[0.782s] -- Up-to-date: /home/raphael/devel/tortello/install/turtlebot3_gazebo/share/turtlebot3_gazebo/environment/ament_prefix_path.dsv
[0.782s] -- Up-to-date: /home/raphael/devel/tortello/install/turtlebot3_gazebo/share/turtlebot3_gazebo/environment/path.sh
[0.783s] -- Up-to-date: /home/raphael/devel/tortello/install/turtlebot3_gazebo/share/turtlebot3_gazebo/environment/path.dsv
[0.784s] -- Up-to-date: /home/raphael/devel/tortello/install/turtlebot3_gazebo/share/turtlebot3_gazebo/local_setup.bash
[0.785s] -- Up-to-date: /home/raphael/devel/tortello/install/turtlebot3_gazebo/share/turtlebot3_gazebo/local_setup.sh
[0.785s] -- Up-to-date: /home/raphael/devel/tortello/install/turtlebot3_gazebo/share/turtlebot3_gazebo/local_setup.zsh
[0.786s] -- Up-to-date: /home/raphael/devel/tortello/install/turtlebot3_gazebo/share/turtlebot3_gazebo/local_setup.dsv
[0.786s] -- Installing: /home/raphael/devel/tortello/install/turtlebot3_gazebo/share/turtlebot3_gazebo/package.dsv
[0.786s] -- Up-to-date: /home/raphael/devel/tortello/install/turtlebot3_gazebo/share/ament_index/resource_index/packages/turtlebot3_gazebo
[0.787s] -- Up-to-date: /home/raphael/devel/tortello/install/turtlebot3_gazebo/share/turtlebot3_gazebo/cmake/ament_cmake_export_include_directories-extras.cmake
[0.787s] -- Up-to-date: /home/raphael/devel/tortello/install/turtlebot3_gazebo/share/turtlebot3_gazebo/cmake/ament_cmake_export_dependencies-extras.cmake
[0.787s] -- Up-to-date: /home/raphael/devel/tortello/install/turtlebot3_gazebo/share/turtlebot3_gazebo/cmake/turtlebot3_gazeboConfig.cmake
[0.788s] -- Up-to-date: /home/raphael/devel/tortello/install/turtlebot3_gazebo/share/turtlebot3_gazebo/cmake/turtlebot3_gazeboConfig-version.cmake
[0.788s] -- Up-to-date: /home/raphael/devel/tortello/install/turtlebot3_gazebo/share/turtlebot3_gazebo/package.xml
[0.803s] Invoked command in '/home/raphael/devel/tortello/build/turtlebot3_gazebo' returned '0': CMAKE_PREFIX_PATH=${CMAKE_PREFIX_PATH}:/home/raphael/devel/tortello/install/tortello_pkg:/opt/ros/foxy COMP_WORDBREAKS=
"'><;|&(: IFS= PS1=(tortello_desktop) ${debian_chroot:+($debian_chroot)}\u@\h:\w\$ _OLD_VIRTUAL_PS1=${debian_chroot:+($debian_chroot)}\u@\h:\w\$ /usr/bin/cmake --install /home/raphael/devel/tortello/build/turtlebot3_gazebo
