[0.059s] Invoking command in '/home/raphael/devel/tortello/build/turtlebot3_fake_node': COMP_WORDBREAKS=
"'><;|&(: /usr/bin/cmake /home/raphael/devel/tortello/src/turtlebot3_simulations/turtlebot3_fake_node -DCMAKE_INSTALL_PREFIX=/home/raphael/devel/tortello/install/turtlebot3_fake_node
[2.157s] -- The C compiler identification is GNU 9.2.1
[3.239s] -- The CXX compiler identification is GNU 9.2.1
[3.339s] -- Check for working C compiler: /usr/bin/cc
[3.550s] -- Check for working C compiler: /usr/bin/cc -- works
[3.552s] -- Detecting C compiler ABI info
[3.760s] -- Detecting C compiler ABI info - done
[3.782s] -- Detecting C compile features
[3.782s] -- Detecting C compile features - done
[3.788s] -- Check for working CXX compiler: /usr/bin/c++
[3.965s] -- Check for working CXX compiler: /usr/bin/c++ -- works
[3.966s] -- Detecting CXX compiler ABI info
[4.177s] -- Detecting CXX compiler ABI info - done
[4.211s] -- Detecting CXX compile features
[4.211s] -- Detecting CXX compile features - done
[4.264s] CMake Error at CMakeLists.txt:18 (find_package):
[4.264s]   By not providing "Findament_cmake.cmake" in CMAKE_MODULE_PATH this project
[4.264s]   has asked CMake to find a package configuration file provided by
[4.264s]   "ament_cmake", but CMake did not find one.
[4.265s] 
[4.266s]   Could not find a package configuration file provided by "ament_cmake" with
[4.266s]   any of the following names:
[4.266s] 
[4.266s]     ament_cmakeConfig.cmake
[4.266s]     ament_cmake-config.cmake
[4.266s] 
[4.267s]   Add the installation prefix of "ament_cmake" to CMAKE_PREFIX_PATH or set
[4.267s]   "ament_cmake_DIR" to a directory containing one of the above files.  If
[4.267s]   "ament_cmake" provides a separate development package or SDK, be sure it
[4.269s]   has been installed.
[4.270s] 
[4.278s] 
[4.278s] -- Configuring incomplete, errors occurred!
[4.278s] See also "/home/raphael/devel/tortello/build/turtlebot3_fake_node/CMakeFiles/CMakeOutput.log".
[4.286s] Invoked command in '/home/raphael/devel/tortello/build/turtlebot3_fake_node' returned '1': COMP_WORDBREAKS=
"'><;|&(: /usr/bin/cmake /home/raphael/devel/tortello/src/turtlebot3_simulations/turtlebot3_fake_node -DCMAKE_INSTALL_PREFIX=/home/raphael/devel/tortello/install/turtlebot3_fake_node
