[0.080s] Invoking command in '/home/raphael/devel/tortello/build/turtlebot3_fake_node': COMP_WORDBREAKS=
"'><;|&(: /usr/bin/cmake /home/raphael/devel/tortello/src/turtlebot3_simulations/turtlebot3_fake_node -DCMAKE_INSTALL_PREFIX=/home/raphael/devel/tortello/install/turtlebot3_fake_node
[1.091s] -- The C compiler identification is GNU 9.2.1
[1.652s] -- The CXX compiler identification is GNU 9.2.1
[1.675s] -- Check for working C compiler: /usr/bin/cc
[1.854s] -- Check for working C compiler: /usr/bin/cc -- works
[1.856s] -- Detecting C compiler ABI info
[2.113s] -- Detecting C compiler ABI info - done
[2.152s] -- Detecting C compile features
[2.154s] -- Detecting C compile features - done
[2.165s] -- Check for working CXX compiler: /usr/bin/c++
[2.338s] -- Check for working CXX compiler: /usr/bin/c++ -- works
[2.341s] -- Detecting CXX compiler ABI info
[2.522s] -- Detecting CXX compiler ABI info - done
[2.559s] -- Detecting CXX compile features
[2.562s] -- Detecting CXX compile features - done
[2.600s] -- Configuring incomplete, errors occurred!
[2.600s] See also "/home/raphael/devel/tortello/build/turtlebot3_fake_node/CMakeFiles/CMakeOutput.log".
[2.601s] CMake Error at CMakeLists.txt:18 (find_package):
[2.601s]   By not providing "Findament_cmake.cmake" in CMAKE_MODULE_PATH this project
[2.601s]   has asked CMake to find a package configuration file provided by
[2.601s]   "ament_cmake", but CMake did not find one.
[2.601s] 
[2.601s]   Could not find a package configuration file provided by "ament_cmake" with
[2.602s]   any of the following names:
[2.606s] 
[2.607s]     ament_cmakeConfig.cmake
[2.608s]     ament_cmake-config.cmake
[2.608s] 
[2.608s]   Add the installation prefix of "ament_cmake" to CMAKE_PREFIX_PATH or set
[2.608s]   "ament_cmake_DIR" to a directory containing one of the above files.  If
[2.609s]   "ament_cmake" provides a separate development package or SDK, be sure it
[2.609s]   has been installed.
[2.610s] 
[2.610s] 
[2.611s] Invoked command in '/home/raphael/devel/tortello/build/turtlebot3_fake_node' returned '1': COMP_WORDBREAKS=
"'><;|&(: /usr/bin/cmake /home/raphael/devel/tortello/src/turtlebot3_simulations/turtlebot3_fake_node -DCMAKE_INSTALL_PREFIX=/home/raphael/devel/tortello/install/turtlebot3_fake_node
