-- Found ament_cmake: 0.9.8 (/opt/ros/foxy/share/ament_cmake/cmake)
-- Found PythonInterp: /usr/bin/python3 (found suitable version "3.8.5", minimum required is "3") 
-- Using PYTHON_EXECUTABLE: /usr/bin/python3
-- Found geometry_msgs: 2.0.3 (/opt/ros/foxy/share/geometry_msgs/cmake)
-- Using all available rosidl_typesupport_c: rosidl_typesupport_fastrtps_c;rosidl_typesupport_introspection_c
-- Found rosidl_adapter: 1.2.0 (/opt/ros/foxy/share/rosidl_adapter/cmake)
-- Found OpenSSL: /usr/lib/x86_64-linux-gnu/libcrypto.so (found version "1.1.1f")  
-- Found FastRTPS: /opt/ros/foxy/include  
-- Using all available rosidl_typesupport_cpp: rosidl_typesupport_fastrtps_cpp;rosidl_typesupport_introspection_cpp
-- Found nav_msgs: 2.0.3 (/opt/ros/foxy/share/nav_msgs/cmake)
-- Found rclcpp: 2.3.0 (/opt/ros/foxy/share/rclcpp/cmake)
-- Found rmw_implementation_cmake: 1.0.2 (/opt/ros/foxy/share/rmw_implementation_cmake/cmake)
-- Using RMW implementation 'rmw_fastrtps_cpp' as default
-- Looking for pthread.h
-- Looking for pthread.h - found
-- Performing Test CMAKE_HAVE_LIBC_PTHREAD
-- Performing Test CMAKE_HAVE_LIBC_PTHREAD - Failed
-- Looking for pthread_create in pthreads
-- Looking for pthread_create in pthreads - not found
-- Looking for pthread_create in pthread
-- Looking for pthread_create in pthread - found
-- Found Threads: TRUE  
-- Found sensor_msgs: 2.0.3 (/opt/ros/foxy/share/sensor_msgs/cmake)
-- Found tf2: 0.13.9 (/opt/ros/foxy/share/tf2/cmake)
-- Found tf2_msgs: 0.13.9 (/opt/ros/foxy/share/tf2_msgs/cmake)
-- Found turtlebot3_msgs: 2.2.1 (/opt/ros/foxy/share/turtlebot3_msgs/cmake)
-- Configuring done
-- Generating done
-- Build files have been written to: /home/raphael/devel/tortello/build/turtlebot3_fake_node
[35m[1mScanning dependencies of target turtlebot3_fake_node[0m
[ 50%] [32mBuilding CXX object CMakeFiles/turtlebot3_fake_node.dir/src/turtlebot3_fake_node.cpp.o[0m
[100%] [32m[1mLinking CXX executable turtlebot3_fake_node[0m
[100%] Built target turtlebot3_fake_node
-- Install configuration: ""
-- Installing: /home/raphael/devel/tortello/install/turtlebot3_fake_node/lib/turtlebot3_fake_node/turtlebot3_fake_node
-- Set runtime path of "/home/raphael/devel/tortello/install/turtlebot3_fake_node/lib/turtlebot3_fake_node/turtlebot3_fake_node" to ""
-- Up-to-date: /home/raphael/devel/tortello/install/turtlebot3_fake_node/share/turtlebot3_fake_node/launch
-- Up-to-date: /home/raphael/devel/tortello/install/turtlebot3_fake_node/share/turtlebot3_fake_node/launch/rviz2.launch.py
-- Up-to-date: /home/raphael/devel/tortello/install/turtlebot3_fake_node/share/turtlebot3_fake_node/launch/turtlebot3_fake_node.launch.py
-- Up-to-date: /home/raphael/devel/tortello/install/turtlebot3_fake_node/share/turtlebot3_fake_node/param
-- Up-to-date: /home/raphael/devel/tortello/install/turtlebot3_fake_node/share/turtlebot3_fake_node/param/waffle_pi.yaml
-- Up-to-date: /home/raphael/devel/tortello/install/turtlebot3_fake_node/share/turtlebot3_fake_node/param/burger.yaml
-- Up-to-date: /home/raphael/devel/tortello/install/turtlebot3_fake_node/share/turtlebot3_fake_node/param/waffle.yaml
-- Up-to-date: /home/raphael/devel/tortello/install/turtlebot3_fake_node/share/turtlebot3_fake_node/rviz
-- Up-to-date: /home/raphael/devel/tortello/install/turtlebot3_fake_node/share/turtlebot3_fake_node/rviz/model.rviz
-- Up-to-date: /home/raphael/devel/tortello/install/turtlebot3_fake_node/include/
-- Up-to-date: /home/raphael/devel/tortello/install/turtlebot3_fake_node/include//turtlebot3_fake_node
-- Up-to-date: /home/raphael/devel/tortello/install/turtlebot3_fake_node/include//turtlebot3_fake_node/turtlebot3_fake_node.hpp
-- Installing: /home/raphael/devel/tortello/install/turtlebot3_fake_node/share/ament_index/resource_index/package_run_dependencies/turtlebot3_fake_node
-- Installing: /home/raphael/devel/tortello/install/turtlebot3_fake_node/share/ament_index/resource_index/parent_prefix_path/turtlebot3_fake_node
-- Up-to-date: /home/raphael/devel/tortello/install/turtlebot3_fake_node/share/turtlebot3_fake_node/environment/ament_prefix_path.sh
-- Installing: /home/raphael/devel/tortello/install/turtlebot3_fake_node/share/turtlebot3_fake_node/environment/ament_prefix_path.dsv
-- Up-to-date: /home/raphael/devel/tortello/install/turtlebot3_fake_node/share/turtlebot3_fake_node/environment/path.sh
-- Installing: /home/raphael/devel/tortello/install/turtlebot3_fake_node/share/turtlebot3_fake_node/environment/path.dsv
-- Installing: /home/raphael/devel/tortello/install/turtlebot3_fake_node/share/turtlebot3_fake_node/local_setup.bash
-- Installing: /home/raphael/devel/tortello/install/turtlebot3_fake_node/share/turtlebot3_fake_node/local_setup.sh
-- Installing: /home/raphael/devel/tortello/install/turtlebot3_fake_node/share/turtlebot3_fake_node/local_setup.zsh
-- Installing: /home/raphael/devel/tortello/install/turtlebot3_fake_node/share/turtlebot3_fake_node/local_setup.dsv
-- Installing: /home/raphael/devel/tortello/install/turtlebot3_fake_node/share/turtlebot3_fake_node/package.dsv
-- Installing: /home/raphael/devel/tortello/install/turtlebot3_fake_node/share/ament_index/resource_index/packages/turtlebot3_fake_node
-- Installing: /home/raphael/devel/tortello/install/turtlebot3_fake_node/share/turtlebot3_fake_node/cmake/ament_cmake_export_include_directories-extras.cmake
-- Installing: /home/raphael/devel/tortello/install/turtlebot3_fake_node/share/turtlebot3_fake_node/cmake/ament_cmake_export_dependencies-extras.cmake
-- Installing: /home/raphael/devel/tortello/install/turtlebot3_fake_node/share/turtlebot3_fake_node/cmake/turtlebot3_fake_nodeConfig.cmake
-- Installing: /home/raphael/devel/tortello/install/turtlebot3_fake_node/share/turtlebot3_fake_node/cmake/turtlebot3_fake_nodeConfig-version.cmake
-- Up-to-date: /home/raphael/devel/tortello/install/turtlebot3_fake_node/share/turtlebot3_fake_node/package.xml
