[0.080s] Invoking command in '/home/raphael/devel/tortello/build/turtlebot3_fake_node': CMAKE_PREFIX_PATH=/opt/ros/foxy COMP_WORDBREAKS=
"'><;|&(: /usr/bin/cmake /home/raphael/devel/tortello/src/turtlebot3_simulations/turtlebot3_fake_node -DCMAKE_INSTALL_PREFIX=/home/raphael/devel/tortello/install/turtlebot3_fake_node
[0.340s] -- Found ament_cmake: 0.9.8 (/opt/ros/foxy/share/ament_cmake/cmake)
[0.473s] -- Found PythonInterp: /usr/bin/python3 (found suitable version "3.8.5", minimum required is "3") 
[0.473s] -- Using PYTHON_EXECUTABLE: /usr/bin/python3
[1.277s] -- Found geometry_msgs: 2.0.3 (/opt/ros/foxy/share/geometry_msgs/cmake)
[1.574s] -- Using all available rosidl_typesupport_c: rosidl_typesupport_fastrtps_c;rosidl_typesupport_introspection_c
[1.693s] -- Found rosidl_adapter: 1.2.0 (/opt/ros/foxy/share/rosidl_adapter/cmake)
[2.240s] -- Found OpenSSL: /usr/lib/x86_64-linux-gnu/libcrypto.so (found version "1.1.1f")  
[2.293s] -- Found FastRTPS: /opt/ros/foxy/include  
[2.614s] -- Using all available rosidl_typesupport_cpp: rosidl_typesupport_fastrtps_cpp;rosidl_typesupport_introspection_cpp
[2.829s] -- Found nav_msgs: 2.0.3 (/opt/ros/foxy/share/nav_msgs/cmake)
[2.980s] -- Found rclcpp: 2.3.0 (/opt/ros/foxy/share/rclcpp/cmake)
[3.287s] -- Found rmw_implementation_cmake: 1.0.2 (/opt/ros/foxy/share/rmw_implementation_cmake/cmake)
[3.301s] -- Using RMW implementation 'rmw_fastrtps_cpp' as default
[3.335s] -- Looking for pthread.h
[4.177s] -- Looking for pthread.h - found
[4.178s] -- Performing Test CMAKE_HAVE_LIBC_PTHREAD
[4.533s] -- Performing Test CMAKE_HAVE_LIBC_PTHREAD - Failed
[4.533s] -- Looking for pthread_create in pthreads
[4.690s] -- Looking for pthread_create in pthreads - not found
[4.691s] -- Looking for pthread_create in pthread
[4.837s] -- Looking for pthread_create in pthread - found
[4.839s] -- Found Threads: TRUE  
[5.480s] -- Found sensor_msgs: 2.0.3 (/opt/ros/foxy/share/sensor_msgs/cmake)
[5.661s] -- Found tf2: 0.13.9 (/opt/ros/foxy/share/tf2/cmake)
[5.746s] -- Found tf2_msgs: 0.13.9 (/opt/ros/foxy/share/tf2_msgs/cmake)
[6.316s] -- Found turtlebot3_msgs: 2.2.1 (/opt/ros/foxy/share/turtlebot3_msgs/cmake)
[6.740s] -- Configuring done
[6.766s] -- Generating done
[6.769s] -- Build files have been written to: /home/raphael/devel/tortello/build/turtlebot3_fake_node
[6.785s] Invoked command in '/home/raphael/devel/tortello/build/turtlebot3_fake_node' returned '0': CMAKE_PREFIX_PATH=/opt/ros/foxy COMP_WORDBREAKS=
"'><;|&(: /usr/bin/cmake /home/raphael/devel/tortello/src/turtlebot3_simulations/turtlebot3_fake_node -DCMAKE_INSTALL_PREFIX=/home/raphael/devel/tortello/install/turtlebot3_fake_node
[6.789s] Invoking command in '/home/raphael/devel/tortello/build/turtlebot3_fake_node': CMAKE_PREFIX_PATH=/opt/ros/foxy COMP_WORDBREAKS=
"'><;|&(: /usr/bin/cmake --build /home/raphael/devel/tortello/build/turtlebot3_fake_node -- -j4 -l4
[6.857s] [35m[1mScanning dependencies of target turtlebot3_fake_node[0m
[7.231s] [ 50%] [32mBuilding CXX object CMakeFiles/turtlebot3_fake_node.dir/src/turtlebot3_fake_node.cpp.o[0m
[22.300s] [100%] [32m[1mLinking CXX executable turtlebot3_fake_node[0m
[24.681s] [100%] Built target turtlebot3_fake_node
[24.767s] Invoked command in '/home/raphael/devel/tortello/build/turtlebot3_fake_node' returned '0': CMAKE_PREFIX_PATH=/opt/ros/foxy COMP_WORDBREAKS=
"'><;|&(: /usr/bin/cmake --build /home/raphael/devel/tortello/build/turtlebot3_fake_node -- -j4 -l4
[24.862s] Invoking command in '/home/raphael/devel/tortello/build/turtlebot3_fake_node': CMAKE_PREFIX_PATH=/opt/ros/foxy COMP_WORDBREAKS=
"'><;|&(: /usr/bin/cmake --install /home/raphael/devel/tortello/build/turtlebot3_fake_node
[24.907s] -- Install configuration: ""
[24.968s] -- Installing: /home/raphael/devel/tortello/install/turtlebot3_fake_node/lib/turtlebot3_fake_node/turtlebot3_fake_node
[24.978s] -- Set runtime path of "/home/raphael/devel/tortello/install/turtlebot3_fake_node/lib/turtlebot3_fake_node/turtlebot3_fake_node" to ""
[24.980s] -- Up-to-date: /home/raphael/devel/tortello/install/turtlebot3_fake_node/share/turtlebot3_fake_node/launch
[24.981s] -- Up-to-date: /home/raphael/devel/tortello/install/turtlebot3_fake_node/share/turtlebot3_fake_node/launch/rviz2.launch.py
[24.982s] -- Up-to-date: /home/raphael/devel/tortello/install/turtlebot3_fake_node/share/turtlebot3_fake_node/launch/turtlebot3_fake_node.launch.py
[24.983s] -- Up-to-date: /home/raphael/devel/tortello/install/turtlebot3_fake_node/share/turtlebot3_fake_node/param
[24.984s] -- Up-to-date: /home/raphael/devel/tortello/install/turtlebot3_fake_node/share/turtlebot3_fake_node/param/waffle_pi.yaml
[24.984s] -- Up-to-date: /home/raphael/devel/tortello/install/turtlebot3_fake_node/share/turtlebot3_fake_node/param/burger.yaml
[24.985s] -- Up-to-date: /home/raphael/devel/tortello/install/turtlebot3_fake_node/share/turtlebot3_fake_node/param/waffle.yaml
[24.985s] -- Up-to-date: /home/raphael/devel/tortello/install/turtlebot3_fake_node/share/turtlebot3_fake_node/rviz
[24.985s] -- Up-to-date: /home/raphael/devel/tortello/install/turtlebot3_fake_node/share/turtlebot3_fake_node/rviz/model.rviz
[24.986s] -- Up-to-date: /home/raphael/devel/tortello/install/turtlebot3_fake_node/include/
[24.986s] -- Up-to-date: /home/raphael/devel/tortello/install/turtlebot3_fake_node/include//turtlebot3_fake_node
[24.995s] -- Up-to-date: /home/raphael/devel/tortello/install/turtlebot3_fake_node/include//turtlebot3_fake_node/turtlebot3_fake_node.hpp
[25.003s] -- Installing: /home/raphael/devel/tortello/install/turtlebot3_fake_node/share/ament_index/resource_index/package_run_dependencies/turtlebot3_fake_node
[25.005s] -- Installing: /home/raphael/devel/tortello/install/turtlebot3_fake_node/share/ament_index/resource_index/parent_prefix_path/turtlebot3_fake_node
[25.027s] -- Up-to-date: /home/raphael/devel/tortello/install/turtlebot3_fake_node/share/turtlebot3_fake_node/environment/ament_prefix_path.sh
[25.028s] -- Installing: /home/raphael/devel/tortello/install/turtlebot3_fake_node/share/turtlebot3_fake_node/environment/ament_prefix_path.dsv
[25.029s] -- Up-to-date: /home/raphael/devel/tortello/install/turtlebot3_fake_node/share/turtlebot3_fake_node/environment/path.sh
[25.029s] -- Installing: /home/raphael/devel/tortello/install/turtlebot3_fake_node/share/turtlebot3_fake_node/environment/path.dsv
[25.030s] -- Installing: /home/raphael/devel/tortello/install/turtlebot3_fake_node/share/turtlebot3_fake_node/local_setup.bash
[25.031s] -- Installing: /home/raphael/devel/tortello/install/turtlebot3_fake_node/share/turtlebot3_fake_node/local_setup.sh
[25.032s] -- Installing: /home/raphael/devel/tortello/install/turtlebot3_fake_node/share/turtlebot3_fake_node/local_setup.zsh
[25.033s] -- Installing: /home/raphael/devel/tortello/install/turtlebot3_fake_node/share/turtlebot3_fake_node/local_setup.dsv
[25.033s] -- Installing: /home/raphael/devel/tortello/install/turtlebot3_fake_node/share/turtlebot3_fake_node/package.dsv
[25.036s] -- Installing: /home/raphael/devel/tortello/install/turtlebot3_fake_node/share/ament_index/resource_index/packages/turtlebot3_fake_node
[25.038s] -- Installing: /home/raphael/devel/tortello/install/turtlebot3_fake_node/share/turtlebot3_fake_node/cmake/ament_cmake_export_include_directories-extras.cmake
[25.039s] -- Installing: /home/raphael/devel/tortello/install/turtlebot3_fake_node/share/turtlebot3_fake_node/cmake/ament_cmake_export_dependencies-extras.cmake
[25.041s] -- Installing: /home/raphael/devel/tortello/install/turtlebot3_fake_node/share/turtlebot3_fake_node/cmake/turtlebot3_fake_nodeConfig.cmake
[25.042s] -- Installing: /home/raphael/devel/tortello/install/turtlebot3_fake_node/share/turtlebot3_fake_node/cmake/turtlebot3_fake_nodeConfig-version.cmake
[25.044s] -- Up-to-date: /home/raphael/devel/tortello/install/turtlebot3_fake_node/share/turtlebot3_fake_node/package.xml
[25.051s] Invoked command in '/home/raphael/devel/tortello/build/turtlebot3_fake_node' returned '0': CMAKE_PREFIX_PATH=/opt/ros/foxy COMP_WORDBREAKS=
"'><;|&(: /usr/bin/cmake --install /home/raphael/devel/tortello/build/turtlebot3_fake_node
