running egg_info
writing ../../build/tortello_pkg/tortello_pkg.egg-info/PKG-INFO
writing dependency_links to ../../build/tortello_pkg/tortello_pkg.egg-info/dependency_links.txt
writing entry points to ../../build/tortello_pkg/tortello_pkg.egg-info/entry_points.txt
writing requirements to ../../build/tortello_pkg/tortello_pkg.egg-info/requires.txt
writing top-level names to ../../build/tortello_pkg/tortello_pkg.egg-info/top_level.txt
reading manifest file '../../build/tortello_pkg/tortello_pkg.egg-info/SOURCES.txt'
writing manifest file '../../build/tortello_pkg/tortello_pkg.egg-info/SOURCES.txt'
running build
running build_py
copying tortello_pkg/subscriber_member_function.py -> /home/raphael/Documenti/Programming/tortello/build/tortello_pkg/build/lib/tortello_pkg
running install
running install_lib
copying /home/raphael/Documenti/Programming/tortello/build/tortello_pkg/build/lib/tortello_pkg/subscriber_member_function.py -> /home/raphael/Documenti/Programming/tortello/install/tortello_pkg/lib/python3.8/site-packages/tortello_pkg
byte-compiling /home/raphael/Documenti/Programming/tortello/install/tortello_pkg/lib/python3.8/site-packages/tortello_pkg/subscriber_member_function.py to subscriber_member_function.cpython-38.pyc
running install_data
running install_egg_info
removing '/home/raphael/Documenti/Programming/tortello/install/tortello_pkg/lib/python3.8/site-packages/tortello_pkg-0.0.0-py3.8.egg-info' (and everything under it)
Copying ../../build/tortello_pkg/tortello_pkg.egg-info to /home/raphael/Documenti/Programming/tortello/install/tortello_pkg/lib/python3.8/site-packages/tortello_pkg-0.0.0-py3.8.egg-info
running install_scripts
Installing listener script to /home/raphael/Documenti/Programming/tortello/install/tortello_pkg/lib/tortello_pkg
Installing talker script to /home/raphael/Documenti/Programming/tortello/install/tortello_pkg/lib/tortello_pkg
writing list of installed files to '/home/raphael/Documenti/Programming/tortello/build/tortello_pkg/install.log'
